This is ApacheBench, Version 2.3 <$Revision: 1903618 $>
Copyright 1996 Adam Twiss, Zeus Technology Ltd, http://www.zeustech.net/
Licensed to The Apache Software Foundation, http://www.apache.org/

Benchmarking projectcloud-479410.ew.r.appspot.com (be patient)...SSL read failed (1) - closing connection
00269C98E1790000:error:0A000126:SSL routines:ssl3_read_n:unexpected eof while reading:../ssl/record/rec_layer_s3.c:316:
SSL read failed (1) - closing connection
00269C98E1790000:error:0A000126:SSL routines:ssl3_read_n:unexpected eof while reading:../ssl/record/rec_layer_s3.c:316:
SSL read failed (1) - closing connection
00269C98E1790000:error:0A000126:SSL routines:ssl3_read_n:unexpected eof while reading:../ssl/record/rec_layer_s3.c:316:
SSL read failed (1) - closing connection
00269C98E1790000:error:0A000126:SSL routines:ssl3_read_n:unexpected eof while reading:../ssl/record/rec_layer_s3.c:316:
SSL read failed (1) - closing connection
00269C98E1790000:error:0A000126:SSL routines:ssl3_read_n:unexpected eof while reading:../ssl/record/rec_layer_s3.c:316:
SSL read failed (1) - closing connection
00269C98E1790000:error:0A000126:SSL routines:ssl3_read_n:unexpected eof while reading:../ssl/record/rec_layer_s3.c:316:
SSL read failed (1) - closing connection
00269C98E1790000:error:0A000126:SSL routines:ssl3_read_n:unexpected eof while reading:../ssl/record/rec_layer_s3.c:316:
SSL read failed (1) - closing connection
00269C98E1790000:error:0A000126:SSL routines:ssl3_read_n:unexpected eof while reading:../ssl/record/rec_layer_s3.c:316:
SSL read failed (1) - closing connection
00269C98E1790000:error:0A000126:SSL routines:ssl3_read_n:unexpected eof while reading:../ssl/record/rec_layer_s3.c:316:
SSL read failed (1) - closing connection
00269C98E1790000:error:0A000126:SSL routines:ssl3_read_n:unexpected eof while reading:../ssl/record/rec_layer_s3.c:316:
..done


Server Software:        Google
Server Hostname:        projectcloud-479410.ew.r.appspot.com
Server Port:            443
SSL/TLS Protocol:       TLSv1.3,TLS_AES_256_GCM_SHA384,256,256
Server Temp Key:        X25519 253 bits
TLS Server Name:        projectcloud-479410.ew.r.appspot.com

Document Path:          /api/timeline?user=user1000&limit=20
Document Length:        0 bytes

Concurrency Level:      1
Time taken for tests:   28.519 seconds
Complete requests:      10
Failed requests:        10
   (Connect: 0, Receive: 0, Length: 10, Exceptions: 0)
Total transferred:      3570 bytes
HTML transferred:       1430 bytes
Requests per second:    0.35 [#/sec] (mean)
Time per request:       2851.866 [ms] (mean)
Time per request:       2851.866 [ms] (mean, across all concurrent requests)
Transfer rate:          0.12 [Kbytes/sec] received

Connection Times (ms)
              min  mean[+/-sd] median   max
Connect:        3    7   5.7      4      22
Processing:   742 2845 2109.8   2244    6975
Waiting:      742 2844 2109.5   2244    6975
Total:        749 2852 2112.7   2248    6996

Percentage of the requests served within a certain time (ms)
  50%   2248
  66%   4071
  75%   4240
  80%   5007
  90%   6996
  95%   6996
  98%   6996
  99%   6996
 100%   6996 (longest request)
