This is ApacheBench, Version 2.3 <$Revision: 1903618 $>
Copyright 1996 Adam Twiss, Zeus Technology Ltd, http://www.zeustech.net/
Licensed to The Apache Software Foundation, http://www.apache.org/

Benchmarking projectcloud-479410.ew.r.appspot.com (be patient)...SSL read failed (1) - closing connection
00765FC2537C0000:error:0A000126:SSL routines:ssl3_read_n:unexpected eof while reading:../ssl/record/rec_layer_s3.c:316:
SSL read failed (1) - closing connection
00765FC2537C0000:error:0A000126:SSL routines:ssl3_read_n:unexpected eof while reading:../ssl/record/rec_layer_s3.c:316:
SSL read failed (1) - closing connection
00765FC2537C0000:error:0A000126:SSL routines:ssl3_read_n:unexpected eof while reading:../ssl/record/rec_layer_s3.c:316:
SSL read failed (1) - closing connection
00765FC2537C0000:error:0A000126:SSL routines:ssl3_read_n:unexpected eof while reading:../ssl/record/rec_layer_s3.c:316:
SSL read failed (1) - closing connection
00765FC2537C0000:error:0A000126:SSL routines:ssl3_read_n:unexpected eof while reading:../ssl/record/rec_layer_s3.c:316:
SSL read failed (1) - closing connection
00765FC2537C0000:error:0A000126:SSL routines:ssl3_read_n:unexpected eof while reading:../ssl/record/rec_layer_s3.c:316:
SSL read failed (1) - closing connection
00765FC2537C0000:error:0A000126:SSL routines:ssl3_read_n:unexpected eof while reading:../ssl/record/rec_layer_s3.c:316:
SSL read failed (1) - closing connection
00765FC2537C0000:error:0A000126:SSL routines:ssl3_read_n:unexpected eof while reading:../ssl/record/rec_layer_s3.c:316:
SSL read failed (1) - closing connection
00765FC2537C0000:error:0A000126:SSL routines:ssl3_read_n:unexpected eof while reading:../ssl/record/rec_layer_s3.c:316:
SSL read failed (1) - closing connection
00765FC2537C0000:error:0A000126:SSL routines:ssl3_read_n:unexpected eof while reading:../ssl/record/rec_layer_s3.c:316:
..done


Server Software:        Google
Server Hostname:        projectcloud-479410.ew.r.appspot.com
Server Port:            443
SSL/TLS Protocol:       TLSv1.3,TLS_AES_256_GCM_SHA384,256,256
Server Temp Key:        X25519 253 bits
TLS Server Name:        projectcloud-479410.ew.r.appspot.com

Document Path:          /api/timeline?user=user731&limit=20
Document Length:        0 bytes

Concurrency Level:      1
Time taken for tests:   21.672 seconds
Complete requests:      10
Failed requests:        10
   (Connect: 0, Receive: 0, Length: 10, Exceptions: 0)
Total transferred:      9700 bytes
HTML transferred:       7560 bytes
Requests per second:    0.46 [#/sec] (mean)
Time per request:       2167.247 [ms] (mean)
Time per request:       2167.247 [ms] (mean, across all concurrent requests)
Transfer rate:          0.44 [Kbytes/sec] received

Connection Times (ms)
              min  mean[+/-sd] median   max
Connect:        3    7   8.1      4      30
Processing:   529 2160 1385.8   2384    4926
Waiting:      529 2160 1385.8   2384    4926
Total:        533 2167 1384.2   2389    4931

Percentage of the requests served within a certain time (ms)
  50%   2389
  66%   2616
  75%   2775
  80%   3400
  90%   4931
  95%   4931
  98%   4931
  99%   4931
 100%   4931 (longest request)
