This is ApacheBench, Version 2.3 <$Revision: 1903618 $>
Copyright 1996 Adam Twiss, Zeus Technology Ltd, http://www.zeustech.net/
Licensed to The Apache Software Foundation, http://www.apache.org/

Benchmarking projectcloud-479410.ew.r.appspot.com (be patient)...SSL read failed (1) - closing connection
001655E51F7A0000:error:0A000126:SSL routines:ssl3_read_n:unexpected eof while reading:../ssl/record/rec_layer_s3.c:316:
SSL read failed (1) - closing connection
001655E51F7A0000:error:0A000126:SSL routines:ssl3_read_n:unexpected eof while reading:../ssl/record/rec_layer_s3.c:316:
SSL read failed (1) - closing connection
001655E51F7A0000:error:0A000126:SSL routines:ssl3_read_n:unexpected eof while reading:../ssl/record/rec_layer_s3.c:316:
SSL read failed (1) - closing connection
001655E51F7A0000:error:0A000126:SSL routines:ssl3_read_n:unexpected eof while reading:../ssl/record/rec_layer_s3.c:316:
SSL read failed (1) - closing connection
001655E51F7A0000:error:0A000126:SSL routines:ssl3_read_n:unexpected eof while reading:../ssl/record/rec_layer_s3.c:316:
SSL read failed (1) - closing connection
001655E51F7A0000:error:0A000126:SSL routines:ssl3_read_n:unexpected eof while reading:../ssl/record/rec_layer_s3.c:316:
SSL read failed (1) - closing connection
001655E51F7A0000:error:0A000126:SSL routines:ssl3_read_n:unexpected eof while reading:../ssl/record/rec_layer_s3.c:316:
SSL read failed (1) - closing connection
001655E51F7A0000:error:0A000126:SSL routines:ssl3_read_n:unexpected eof while reading:../ssl/record/rec_layer_s3.c:316:
SSL read failed (1) - closing connection
001655E51F7A0000:error:0A000126:SSL routines:ssl3_read_n:unexpected eof while reading:../ssl/record/rec_layer_s3.c:316:
SSL read failed (1) - closing connection
001655E51F7A0000:error:0A000126:SSL routines:ssl3_read_n:unexpected eof while reading:../ssl/record/rec_layer_s3.c:316:
..done


Server Software:        Google
Server Hostname:        projectcloud-479410.ew.r.appspot.com
Server Port:            443
SSL/TLS Protocol:       TLSv1.3,TLS_AES_256_GCM_SHA384,256,256
Server Temp Key:        X25519 253 bits
TLS Server Name:        projectcloud-479410.ew.r.appspot.com

Document Path:          /api/timeline?user=user529&limit=20
Document Length:        0 bytes

Concurrency Level:      1
Time taken for tests:   55.573 seconds
Complete requests:      10
Failed requests:        10
   (Connect: 0, Receive: 0, Length: 10, Exceptions: 0)
Total transferred:      23274 bytes
HTML transferred:       21120 bytes
Requests per second:    0.18 [#/sec] (mean)
Time per request:       5557.283 [ms] (mean)
Time per request:       5557.283 [ms] (mean, across all concurrent requests)
Transfer rate:          0.41 [Kbytes/sec] received

Connection Times (ms)
              min  mean[+/-sd] median   max
Connect:        4    8  11.5      5      41
Processing:   833 5549 4415.4   6731   11352
Waiting:      833 5549 4415.4   6731   11351
Total:        839 5557 4420.5   6736   11393

Percentage of the requests served within a certain time (ms)
  50%   6736
  66%   8993
  75%  10003
  80%  10688
  90%  11393
  95%  11393
  98%  11393
  99%  11393
 100%  11393 (longest request)
