This is ApacheBench, Version 2.3 <$Revision: 1903618 $>
Copyright 1996 Adam Twiss, Zeus Technology Ltd, http://www.zeustech.net/
Licensed to The Apache Software Foundation, http://www.apache.org/

Benchmarking projectcloud-479410.ew.r.appspot.com (be patient)...SSL read failed (1) - closing connection
00C6FFCE627C0000:error:0A000126:SSL routines:ssl3_read_n:unexpected eof while reading:../ssl/record/rec_layer_s3.c:316:
..done


Server Software:        Google
Server Hostname:        projectcloud-479410.ew.r.appspot.com
Server Port:            443
SSL/TLS Protocol:       TLSv1.3,TLS_AES_256_GCM_SHA384,256,256
Server Temp Key:        X25519 253 bits
TLS Server Name:        projectcloud-479410.ew.r.appspot.com

Document Path:          /api/timeline?user=user817&limit=5
Document Length:        0 bytes

Concurrency Level:      1
Time taken for tests:   0.632 seconds
Complete requests:      1
Failed requests:        1
   (Connect: 0, Receive: 0, Length: 1, Exceptions: 0)
Total transferred:      766 bytes
HTML transferred:       552 bytes
Requests per second:    1.58 [#/sec] (mean)
Time per request:       631.848 [ms] (mean)
Time per request:       631.848 [ms] (mean, across all concurrent requests)
Transfer rate:          1.18 [Kbytes/sec] received

Connection Times (ms)
              min  mean[+/-sd] median   max
Connect:       21   21   0.0     21      21
Processing:   611  611   0.0    611     611
Waiting:      610  610   0.0    610     610
Total:        632  632   0.0    632     632
