This is ApacheBench, Version 2.3 <$Revision: 1903618 $>
Copyright 1996 Adam Twiss, Zeus Technology Ltd, http://www.zeustech.net/
Licensed to The Apache Software Foundation, http://www.apache.org/

Benchmarking projectcloud-479410.ew.r.appspot.com (be patient)...SSL read failed (1) - closing connection
0016FB934E7E0000:error:0A000126:SSL routines:ssl3_read_n:unexpected eof while reading:../ssl/record/rec_layer_s3.c:316:
..done


Server Software:        Google
Server Hostname:        projectcloud-479410.ew.r.appspot.com
Server Port:            443
SSL/TLS Protocol:       TLSv1.3,TLS_AES_256_GCM_SHA384,256,256
Server Temp Key:        X25519 253 bits
TLS Server Name:        projectcloud-479410.ew.r.appspot.com

Document Path:          /api/timeline?user=user556&limit=5
Document Length:        0 bytes

Concurrency Level:      1
Time taken for tests:   0.756 seconds
Complete requests:      1
Failed requests:        1
   (Connect: 0, Receive: 0, Length: 1, Exceptions: 0)
Total transferred:      769 bytes
HTML transferred:       555 bytes
Requests per second:    1.32 [#/sec] (mean)
Time per request:       755.889 [ms] (mean)
Time per request:       755.889 [ms] (mean, across all concurrent requests)
Transfer rate:          0.99 [Kbytes/sec] received

Connection Times (ms)
              min  mean[+/-sd] median   max
Connect:       11   11   0.0     11      11
Processing:   745  745   0.0    745     745
Waiting:      745  745   0.0    745     745
Total:        756  756   0.0    756     756
