This is ApacheBench, Version 2.3 <$Revision: 1903618 $>
Copyright 1996 Adam Twiss, Zeus Technology Ltd, http://www.zeustech.net/
Licensed to The Apache Software Foundation, http://www.apache.org/

Benchmarking projectcloud-479410.ew.r.appspot.com (be patient)...SSL read failed (1) - closing connection
000639C8A4780000:error:0A000126:SSL routines:ssl3_read_n:unexpected eof while reading:../ssl/record/rec_layer_s3.c:316:
SSL read failed (1) - closing connection
000639C8A4780000:error:0A000126:SSL routines:ssl3_read_n:unexpected eof while reading:../ssl/record/rec_layer_s3.c:316:
SSL read failed (1) - closing connection
000639C8A4780000:error:0A000126:SSL routines:ssl3_read_n:unexpected eof while reading:../ssl/record/rec_layer_s3.c:316:
SSL read failed (1) - closing connection
000639C8A4780000:error:0A000126:SSL routines:ssl3_read_n:unexpected eof while reading:../ssl/record/rec_layer_s3.c:316:
SSL read failed (1) - closing connection
000639C8A4780000:error:0A000126:SSL routines:ssl3_read_n:unexpected eof while reading:../ssl/record/rec_layer_s3.c:316:
..done


Server Software:        Google
Server Hostname:        projectcloud-479410.ew.r.appspot.com
Server Port:            443
SSL/TLS Protocol:       TLSv1.3,TLS_AES_256_GCM_SHA384,256,256
Server Temp Key:        X25519 253 bits
TLS Server Name:        projectcloud-479410.ew.r.appspot.com

Document Path:          /api/timeline?user=user836&limit=5
Document Length:        0 bytes

Concurrency Level:      1
Time taken for tests:   2.970 seconds
Complete requests:      5
Failed requests:        5
   (Connect: 0, Receive: 0, Length: 5, Exceptions: 0)
Total transferred:      3850 bytes
HTML transferred:       2780 bytes
Requests per second:    1.68 [#/sec] (mean)
Time per request:       594.062 [ms] (mean)
Time per request:       594.062 [ms] (mean, across all concurrent requests)
Transfer rate:          1.27 [Kbytes/sec] received

Connection Times (ms)
              min  mean[+/-sd] median   max
Connect:        4   14  11.4     15      29
Processing:   262  580 202.4    661     765
Waiting:      262  580 202.4    661     765
Total:        284  594 195.4    678     769

Percentage of the requests served within a certain time (ms)
  50%    604
  66%    751
  75%    751
  80%    769
  90%    769
  95%    769
  98%    769
  99%    769
 100%    769 (longest request)
