This is ApacheBench, Version 2.3 <$Revision: 1903618 $>
Copyright 1996 Adam Twiss, Zeus Technology Ltd, http://www.zeustech.net/
Licensed to The Apache Software Foundation, http://www.apache.org/

Benchmarking projectcloud-479410.ew.r.appspot.com (be patient)...SSL read failed (1) - closing connection
0036794B5D7C0000:error:0A000126:SSL routines:ssl3_read_n:unexpected eof while reading:../ssl/record/rec_layer_s3.c:316:
..done


Server Software:        Google
Server Hostname:        projectcloud-479410.ew.r.appspot.com
Server Port:            443
SSL/TLS Protocol:       TLSv1.3,TLS_AES_256_GCM_SHA384,256,256
Server Temp Key:        X25519 253 bits
TLS Server Name:        projectcloud-479410.ew.r.appspot.com

Document Path:          /api/timeline?user=user362&limit=5
Document Length:        0 bytes

Concurrency Level:      1
Time taken for tests:   1.009 seconds
Complete requests:      1
Failed requests:        1
   (Connect: 0, Receive: 0, Length: 1, Exceptions: 0)
Total transferred:      772 bytes
HTML transferred:       558 bytes
Requests per second:    0.99 [#/sec] (mean)
Time per request:       1009.155 [ms] (mean)
Time per request:       1009.155 [ms] (mean, across all concurrent requests)
Transfer rate:          0.75 [Kbytes/sec] received

Connection Times (ms)
              min  mean[+/-sd] median   max
Connect:       23   23   0.0     23      23
Processing:   986  986   0.0    986     986
Waiting:      986  986   0.0    986     986
Total:       1009 1009   0.0   1009    1009
