This is ApacheBench, Version 2.3 <$Revision: 1903618 $>
Copyright 1996 Adam Twiss, Zeus Technology Ltd, http://www.zeustech.net/
Licensed to The Apache Software Foundation, http://www.apache.org/

Benchmarking projectcloud-479410.ew.r.appspot.com (be patient)...SSL read failed (1) - closing connection
00E6544A52780000:error:0A000126:SSL routines:ssl3_read_n:unexpected eof while reading:../ssl/record/rec_layer_s3.c:316:
SSL read failed (1) - closing connection
00E6544A52780000:error:0A000126:SSL routines:ssl3_read_n:unexpected eof while reading:../ssl/record/rec_layer_s3.c:316:
SSL read failed (1) - closing connection
00E6544A52780000:error:0A000126:SSL routines:ssl3_read_n:unexpected eof while reading:../ssl/record/rec_layer_s3.c:316:
SSL read failed (1) - closing connection
00E6544A52780000:error:0A000126:SSL routines:ssl3_read_n:unexpected eof while reading:../ssl/record/rec_layer_s3.c:316:
SSL read failed (1) - closing connection
00E6544A52780000:error:0A000126:SSL routines:ssl3_read_n:unexpected eof while reading:../ssl/record/rec_layer_s3.c:316:
..done


Server Software:        Google
Server Hostname:        projectcloud-479410.ew.r.appspot.com
Server Port:            443
SSL/TLS Protocol:       TLSv1.3,TLS_AES_256_GCM_SHA384,256,256
Server Temp Key:        X25519 253 bits
TLS Server Name:        projectcloud-479410.ew.r.appspot.com

Document Path:          /api/timeline?user=user846&limit=5
Document Length:        0 bytes

Concurrency Level:      1
Time taken for tests:   3.063 seconds
Complete requests:      5
Failed requests:        5
   (Connect: 0, Receive: 0, Length: 5, Exceptions: 0)
Total transferred:      3835 bytes
HTML transferred:       2765 bytes
Requests per second:    1.63 [#/sec] (mean)
Time per request:       612.643 [ms] (mean)
Time per request:       612.643 [ms] (mean, across all concurrent requests)
Transfer rate:          1.22 [Kbytes/sec] received

Connection Times (ms)
              min  mean[+/-sd] median   max
Connect:        5    7   2.3      6      10
Processing:   347  606 157.4    686     740
Waiting:      347  606 157.4    685     740
Total:        357  612 155.6    691     746

Percentage of the requests served within a certain time (ms)
  50%    680
  66%    701
  75%    701
  80%    746
  90%    746
  95%    746
  98%    746
  99%    746
 100%    746 (longest request)
