This is ApacheBench, Version 2.3 <$Revision: 1913912 $>
Copyright 1996 Adam Twiss, Zeus Technology Ltd, http://www.zeustech.net/
Licensed to The Apache Software Foundation, http://www.apache.org/

Benchmarking maximal-beach-473712-d1.ew.r.appspot.com (be patient)
Completed 100 requests
Completed 200 requests
Completed 300 requests
Completed 400 requests
Completed 500 requests
Finished 500 requests


Server Software:        Google
Server Hostname:        maximal-beach-473712-d1.ew.r.appspot.com
Server Port:            443
SSL/TLS Protocol:       TLSv1.2,ECDHE-ECDSA-CHACHA20-POLY1305,256,256
Server Temp Key:        ECDH X25519 253 bits
TLS Server Name:        maximal-beach-473712-d1.ew.r.appspot.com

Document Path:          /api/timeline?user=benchA1&limit=20
Document Length:        566 bytes

Concurrency Level:      50
Time taken for tests:   3.753 seconds
Complete requests:      500
Failed requests:        0
Total transferred:      418500 bytes
HTML transferred:       283000 bytes
Requests per second:    133.24 [#/sec] (mean)
Time per request:       375.275 [ms] (mean)
Time per request:       7.506 [ms] (mean, across all concurrent requests)
Transfer rate:          108.90 [Kbytes/sec] received

Connection Times (ms)
              min  mean[+/-sd] median   max
Connect:       41   63  27.8     53     369
Processing:    47  282  67.2    303     358
Waiting:       47  282  67.1    303     353
Total:         97  345  61.4    358     588

Percentage of the requests served within a certain time (ms)
  50%    358
  66%    364
  75%    368
  80%    371
  90%    381
  95%    394
  98%    416
  99%    445
 100%    588 (longest request)
