This is ApacheBench, Version 2.3 <$Revision: 1903618 $>
Copyright 1996 Adam Twiss, Zeus Technology Ltd, http://www.zeustech.net/
Licensed to The Apache Software Foundation, http://www.apache.org/

Benchmarking projectcloud-479410.ew.r.appspot.com (be patient)...SSL read failed (1) - closing connection
00368D0659790000:error:0A000126:SSL routines:ssl3_read_n:unexpected eof while reading:../ssl/record/rec_layer_s3.c:316:
SSL read failed (1) - closing connection
00368D0659790000:error:0A000126:SSL routines:ssl3_read_n:unexpected eof while reading:../ssl/record/rec_layer_s3.c:316:
SSL read failed (1) - closing connection
00368D0659790000:error:0A000126:SSL routines:ssl3_read_n:unexpected eof while reading:../ssl/record/rec_layer_s3.c:316:
..done


Server Software:        Google
Server Hostname:        projectcloud-479410.ew.r.appspot.com
Server Port:            443
SSL/TLS Protocol:       TLSv1.3,TLS_AES_256_GCM_SHA384,256,256
Server Temp Key:        X25519 253 bits
TLS Server Name:        projectcloud-479410.ew.r.appspot.com

Document Path:          /api/timeline?user=user763
Document Length:        0 bytes

Concurrency Level:      1
Time taken for tests:   0.489 seconds
Complete requests:      3
Failed requests:        3
   (Connect: 0, Receive: 0, Length: 3, Exceptions: 0)
Total transferred:      6990 bytes
HTML transferred:       6345 bytes
Requests per second:    6.13 [#/sec] (mean)
Time per request:       163.087 [ms] (mean)
Time per request:       163.087 [ms] (mean, across all concurrent requests)
Transfer rate:          13.95 [Kbytes/sec] received

Connection Times (ms)
              min  mean[+/-sd] median   max
Connect:        4    5   1.1      6       6
Processing:    60  158 131.6    207     308
Waiting:       57  157 132.4    207     307
Total:         66  163 130.6    212     311

Percentage of the requests served within a certain time (ms)
  50%    112
  66%    112
  75%    311
  80%    311
  90%    311
  95%    311
  98%    311
  99%    311
 100%    311 (longest request)
