This is ApacheBench, Version 2.3 <$Revision: 1903618 $>
Copyright 1996 Adam Twiss, Zeus Technology Ltd, http://www.zeustech.net/
Licensed to The Apache Software Foundation, http://www.apache.org/

Benchmarking projectcloud-479410.ew.r.appspot.com (be patient)...SSL read failed (1) - closing connection
00E6753B337A0000:error:0A000126:SSL routines:ssl3_read_n:unexpected eof while reading:../ssl/record/rec_layer_s3.c:316:
SSL read failed (1) - closing connection
00E6753B337A0000:error:0A000126:SSL routines:ssl3_read_n:unexpected eof while reading:../ssl/record/rec_layer_s3.c:316:
SSL read failed (1) - closing connection
00E6753B337A0000:error:0A000126:SSL routines:ssl3_read_n:unexpected eof while reading:../ssl/record/rec_layer_s3.c:316:
..done


Server Software:        Google
Server Hostname:        projectcloud-479410.ew.r.appspot.com
Server Port:            443
SSL/TLS Protocol:       TLSv1.3,TLS_AES_256_GCM_SHA384,256,256
Server Temp Key:        X25519 253 bits
TLS Server Name:        projectcloud-479410.ew.r.appspot.com

Document Path:          /api/timeline?user=user998
Document Length:        0 bytes

Concurrency Level:      1
Time taken for tests:   0.711 seconds
Complete requests:      3
Failed requests:        3
   (Connect: 0, Receive: 0, Length: 3, Exceptions: 0)
Total transferred:      6996 bytes
HTML transferred:       6351 bytes
Requests per second:    4.22 [#/sec] (mean)
Time per request:       237.064 [ms] (mean)
Time per request:       237.064 [ms] (mean, across all concurrent requests)
Transfer rate:          9.61 [Kbytes/sec] received

Connection Times (ms)
              min  mean[+/-sd] median   max
Connect:        5    6   1.1      7       7
Processing:    83  231 127.7    304     305
Waiting:       83  230 127.9    304     305
Total:         89  237 127.9    311     312

Percentage of the requests served within a certain time (ms)
  50%    310
  66%    310
  75%    312
  80%    312
  90%    312
  95%    312
  98%    312
  99%    312
 100%    312 (longest request)
