This is ApacheBench, Version 2.3 <$Revision: 1903618 $>
Copyright 1996 Adam Twiss, Zeus Technology Ltd, http://www.zeustech.net/
Licensed to The Apache Software Foundation, http://www.apache.org/

Benchmarking projectcloud-479410.ew.r.appspot.com (be patient)...SSL read failed (1) - closing connection
0056EE3969780000:error:0A000126:SSL routines:ssl3_read_n:unexpected eof while reading:../ssl/record/rec_layer_s3.c:316:
SSL read failed (1) - closing connection
0056EE3969780000:error:0A000126:SSL routines:ssl3_read_n:unexpected eof while reading:../ssl/record/rec_layer_s3.c:316:
SSL read failed (1) - closing connection
0056EE3969780000:error:0A000126:SSL routines:ssl3_read_n:unexpected eof while reading:../ssl/record/rec_layer_s3.c:316:
..done


Server Software:        Google
Server Hostname:        projectcloud-479410.ew.r.appspot.com
Server Port:            443
SSL/TLS Protocol:       TLSv1.3,TLS_AES_256_GCM_SHA384,256,256
Server Temp Key:        X25519 253 bits
TLS Server Name:        projectcloud-479410.ew.r.appspot.com

Document Path:          /api/timeline?user=user165
Document Length:        0 bytes

Concurrency Level:      1
Time taken for tests:   0.606 seconds
Complete requests:      3
Failed requests:        3
   (Connect: 0, Receive: 0, Length: 3, Exceptions: 0)
Total transferred:      6975 bytes
HTML transferred:       6330 bytes
Requests per second:    4.95 [#/sec] (mean)
Time per request:       202.049 [ms] (mean)
Time per request:       202.049 [ms] (mean, across all concurrent requests)
Transfer rate:          11.24 [Kbytes/sec] received

Connection Times (ms)
              min  mean[+/-sd] median   max
Connect:        3    5   1.8      6       7
Processing:    88  197 140.5    251     356
Waiting:       88  197 140.5    251     356
Total:         93  202 139.2    256     359

Percentage of the requests served within a certain time (ms)
  50%    154
  66%    154
  75%    359
  80%    359
  90%    359
  95%    359
  98%    359
  99%    359
 100%    359 (longest request)
