This is ApacheBench, Version 2.3 <$Revision: 1903618 $>
Copyright 1996 Adam Twiss, Zeus Technology Ltd, http://www.zeustech.net/
Licensed to The Apache Software Foundation, http://www.apache.org/

Benchmarking projectcloud-479410.ew.r.appspot.com (be patient)...SSL read failed (1) - closing connection
0076D7BE507B0000:error:0A000126:SSL routines:ssl3_read_n:unexpected eof while reading:../ssl/record/rec_layer_s3.c:316:
SSL read failed (1) - closing connection
0076D7BE507B0000:error:0A000126:SSL routines:ssl3_read_n:unexpected eof while reading:../ssl/record/rec_layer_s3.c:316:
SSL read failed (1) - closing connection
0076D7BE507B0000:error:0A000126:SSL routines:ssl3_read_n:unexpected eof while reading:../ssl/record/rec_layer_s3.c:316:
..done


Server Software:        Google
Server Hostname:        projectcloud-479410.ew.r.appspot.com
Server Port:            443
SSL/TLS Protocol:       TLSv1.3,TLS_AES_256_GCM_SHA384,256,256
Server Temp Key:        X25519 253 bits
TLS Server Name:        projectcloud-479410.ew.r.appspot.com

Document Path:          /api/timeline?user=user179
Document Length:        0 bytes

Concurrency Level:      1
Time taken for tests:   0.821 seconds
Complete requests:      3
Failed requests:        3
   (Connect: 0, Receive: 0, Length: 3, Exceptions: 0)
Total transferred:      6969 bytes
HTML transferred:       6324 bytes
Requests per second:    3.65 [#/sec] (mean)
Time per request:       273.665 [ms] (mean)
Time per request:       273.665 [ms] (mean, across all concurrent requests)
Transfer rate:          8.29 [Kbytes/sec] received

Connection Times (ms)
              min  mean[+/-sd] median   max
Connect:        3    5   2.2      6       7
Processing:    92  269 196.0    357     480
Waiting:       92  268 196.0    357     480
Total:        100  274 195.0    360     484

Percentage of the requests served within a certain time (ms)
  50%    237
  66%    237
  75%    484
  80%    484
  90%    484
  95%    484
  98%    484
  99%    484
 100%    484 (longest request)
