This is ApacheBench, Version 2.3 <$Revision: 1903618 $>
Copyright 1996 Adam Twiss, Zeus Technology Ltd, http://www.zeustech.net/
Licensed to The Apache Software Foundation, http://www.apache.org/

Benchmarking maximal-beach-473712-d1.ew.r.appspot.com (be patient)...SSL read failed (1) - closing connection
0026E7D4D67E0000:error:0A000126:SSL routines:ssl3_read_n:unexpected eof while reading:../ssl/record/rec_layer_s3.c:316:
SSL read failed (1) - closing connection
0026E7D4D67E0000:error:0A000126:SSL routines:ssl3_read_n:unexpected eof while reading:../ssl/record/rec_layer_s3.c:316:
SSL read failed (1) - closing connection
0026E7D4D67E0000:error:0A000126:SSL routines:ssl3_read_n:unexpected eof while reading:../ssl/record/rec_layer_s3.c:316:
SSL read failed (1) - closing connection
0026E7D4D67E0000:error:0A000126:SSL routines:ssl3_read_n:unexpected eof while reading:../ssl/record/rec_layer_s3.c:316:
SSL read failed (1) - closing connection
0026E7D4D67E0000:error:0A000126:SSL routines:ssl3_read_n:unexpected eof while reading:../ssl/record/rec_layer_s3.c:316:
..done


Server Software:        Google
Server Hostname:        maximal-beach-473712-d1.ew.r.appspot.com
Server Port:            443
SSL/TLS Protocol:       TLSv1.3,TLS_AES_256_GCM_SHA384,256,256
Server Temp Key:        X25519 253 bits
TLS Server Name:        maximal-beach-473712-d1.ew.r.appspot.com

Document Path:          /timeline?user=user70
Document Length:        0 bytes

Concurrency Level:      1
Time taken for tests:   0.109 seconds
Complete requests:      5
Failed requests:        5
   (Connect: 0, Receive: 0, Length: 5, Exceptions: 0)
Non-2xx responses:      5
Total transferred:      2180 bytes
HTML transferred:       1035 bytes
Requests per second:    45.80 [#/sec] (mean)
Time per request:       21.834 [ms] (mean)
Time per request:       21.834 [ms] (mean, across all concurrent requests)
Transfer rate:          19.50 [Kbytes/sec] received

Connection Times (ms)
              min  mean[+/-sd] median   max
Connect:        4    7   3.3      7      12
Processing:    13   15   2.0     16      17
Waiting:       12   15   2.0     15      17
Total:         17   22   4.6     23      28

Percentage of the requests served within a certain time (ms)
  50%     23
  66%     23
  75%     23
  80%     28
  90%     28
  95%     28
  98%     28
  99%     28
 100%     28 (longest request)
