This is ApacheBench, Version 2.3 <$Revision: 1913912 $>
Copyright 1996 Adam Twiss, Zeus Technology Ltd, http://www.zeustech.net/
Licensed to The Apache Software Foundation, http://www.apache.org/

Benchmarking maximal-beach-473712-d1.ew.r.appspot.com (be patient)
Completed 100 requests
Completed 200 requests
Completed 300 requests
Completed 400 requests
Completed 500 requests
Finished 500 requests


Server Software:        Google
Server Hostname:        maximal-beach-473712-d1.ew.r.appspot.com
Server Port:            443
SSL/TLS Protocol:       TLSv1.2,ECDHE-ECDSA-CHACHA20-POLY1305,256,256
Server Temp Key:        ECDH X25519 253 bits
TLS Server Name:        maximal-beach-473712-d1.ew.r.appspot.com

Document Path:          /timeline?user=user1
Document Length:        207 bytes

Concurrency Level:      100
Time taken for tests:   1.067 seconds
Complete requests:      500
Failed requests:        0
Non-2xx responses:      500
Total transferred:      246504 bytes
HTML transferred:       103500 bytes
Requests per second:    468.43 [#/sec] (mean)
Time per request:       213.480 [ms] (mean)
Time per request:       2.135 [ms] (mean, across all concurrent requests)
Transfer rate:          225.53 [Kbytes/sec] received

Connection Times (ms)
              min  mean[+/-sd] median   max
Connect:       58  116  72.5     96     394
Processing:    24   53  29.0     47     312
Waiting:       23   50  23.9     45     312
Total:        102  170  77.5    144     491

Percentage of the requests served within a certain time (ms)
  50%    144
  66%    157
  75%    167
  80%    178
  90%    212
  95%    399
  98%    419
  99%    485
 100%    491 (longest request)
