This is ApacheBench, Version 2.3 <$Revision: 1903618 $>
Copyright 1996 Adam Twiss, Zeus Technology Ltd, http://www.zeustech.net/
Licensed to The Apache Software Foundation, http://www.apache.org/

Benchmarking projectcloud-479410.ew.r.appspot.com (be patient)...SSL read failed (1) - closing connection
00263A77B77A0000:error:0A000126:SSL routines:ssl3_read_n:unexpected eof while reading:../ssl/record/rec_layer_s3.c:316:
SSL read failed (1) - closing connection
00263A77B77A0000:error:0A000126:SSL routines:ssl3_read_n:unexpected eof while reading:../ssl/record/rec_layer_s3.c:316:
SSL read failed (1) - closing connection
00263A77B77A0000:error:0A000126:SSL routines:ssl3_read_n:unexpected eof while reading:../ssl/record/rec_layer_s3.c:316:
..done


Server Software:        Google
Server Hostname:        projectcloud-479410.ew.r.appspot.com
Server Port:            443
SSL/TLS Protocol:       TLSv1.3,TLS_AES_256_GCM_SHA384,256,256
Server Temp Key:        X25519 253 bits
TLS Server Name:        projectcloud-479410.ew.r.appspot.com

Document Path:          /api/timeline?user=user194
Document Length:        0 bytes

Concurrency Level:      1
Time taken for tests:   0.573 seconds
Complete requests:      3
Failed requests:        3
   (Connect: 0, Receive: 0, Length: 3, Exceptions: 0)
Total transferred:      7017 bytes
HTML transferred:       6372 bytes
Requests per second:    5.23 [#/sec] (mean)
Time per request:       191.053 [ms] (mean)
Time per request:       191.053 [ms] (mean, across all concurrent requests)
Transfer rate:          11.96 [Kbytes/sec] received

Connection Times (ms)
              min  mean[+/-sd] median   max
Connect:        3    5   1.9      6       7
Processing:    80  186 115.0    239     309
Waiting:       80  186 115.0    239     309
Total:         85  191 114.1    244     312

Percentage of the requests served within a certain time (ms)
  50%    176
  66%    176
  75%    312
  80%    312
  90%    312
  95%    312
  98%    312
  99%    312
 100%    312 (longest request)
