This is ApacheBench, Version 2.3 <$Revision: 1903618 $>
Copyright 1996 Adam Twiss, Zeus Technology Ltd, http://www.zeustech.net/
Licensed to The Apache Software Foundation, http://www.apache.org/

Benchmarking projectcloud-479410.ew.r.appspot.com (be patient)...SSL read failed (1) - closing connection
0066845B1E790000:error:0A000126:SSL routines:ssl3_read_n:unexpected eof while reading:../ssl/record/rec_layer_s3.c:316:
SSL read failed (1) - closing connection
0066845B1E790000:error:0A000126:SSL routines:ssl3_read_n:unexpected eof while reading:../ssl/record/rec_layer_s3.c:316:
..done


Server Software:        Google
Server Hostname:        projectcloud-479410.ew.r.appspot.com
Server Port:            443
SSL/TLS Protocol:       TLSv1.3,TLS_AES_256_GCM_SHA384,256,256
Server Temp Key:        X25519 253 bits
TLS Server Name:        projectcloud-479410.ew.r.appspot.com

Document Path:          /api/timeline?user=user643
Document Length:        0 bytes

Concurrency Level:      1
Time taken for tests:   0.567 seconds
Complete requests:      2
Failed requests:        2
   (Connect: 0, Receive: 0, Length: 2, Exceptions: 0)
Total transferred:      4666 bytes
HTML transferred:       4236 bytes
Requests per second:    3.53 [#/sec] (mean)
Time per request:       283.644 [ms] (mean)
Time per request:       283.644 [ms] (mean, across all concurrent requests)
Transfer rate:          8.03 [Kbytes/sec] received

Connection Times (ms)
              min  mean[+/-sd] median   max
Connect:        6   10   5.8     14      14
Processing:   197  274 108.5    350     350
Waiting:      197  273 108.6    350     350
Total:        211  284 102.7    356     356

Percentage of the requests served within a certain time (ms)
  50%    356
  66%    356
  75%    356
  80%    356
  90%    356
  95%    356
  98%    356
  99%    356
 100%    356 (longest request)
