This is ApacheBench, Version 2.3 <$Revision: 1903618 $>
Copyright 1996 Adam Twiss, Zeus Technology Ltd, http://www.zeustech.net/
Licensed to The Apache Software Foundation, http://www.apache.org/

Benchmarking projectcloud-479410.ew.r.appspot.com (be patient)...SSL read failed (1) - closing connection
00669F5FBB7E0000:error:0A000126:SSL routines:ssl3_read_n:unexpected eof while reading:../ssl/record/rec_layer_s3.c:316:
SSL read failed (1) - closing connection
00669F5FBB7E0000:error:0A000126:SSL routines:ssl3_read_n:unexpected eof while reading:../ssl/record/rec_layer_s3.c:316:
..done


Server Software:        Google
Server Hostname:        projectcloud-479410.ew.r.appspot.com
Server Port:            443
SSL/TLS Protocol:       TLSv1.3,TLS_AES_256_GCM_SHA384,256,256
Server Temp Key:        X25519 253 bits
TLS Server Name:        projectcloud-479410.ew.r.appspot.com

Document Path:          /api/timeline?user=user356
Document Length:        0 bytes

Concurrency Level:      1
Time taken for tests:   0.599 seconds
Complete requests:      2
Failed requests:        2
   (Connect: 0, Receive: 0, Length: 2, Exceptions: 0)
Total transferred:      4654 bytes
HTML transferred:       4224 bytes
Requests per second:    3.34 [#/sec] (mean)
Time per request:       299.406 [ms] (mean)
Time per request:       299.406 [ms] (mean, across all concurrent requests)
Transfer rate:          7.59 [Kbytes/sec] received

Connection Times (ms)
              min  mean[+/-sd] median   max
Connect:        4    6   2.2      8       8
Processing:   268  293  35.5    318     318
Waiting:      268  293  35.3    318     318
Total:        276  299  33.2    323     323

Percentage of the requests served within a certain time (ms)
  50%    323
  66%    323
  75%    323
  80%    323
  90%    323
  95%    323
  98%    323
  99%    323
 100%    323 (longest request)
