This is ApacheBench, Version 2.3 <$Revision: 1903618 $>
Copyright 1996 Adam Twiss, Zeus Technology Ltd, http://www.zeustech.net/
Licensed to The Apache Software Foundation, http://www.apache.org/

Benchmarking projectcloud-479410.ew.r.appspot.com (be patient)...SSL read failed (1) - closing connection
00F6929C7D7B0000:error:0A000126:SSL routines:ssl3_read_n:unexpected eof while reading:../ssl/record/rec_layer_s3.c:316:
SSL read failed (1) - closing connection
00F6929C7D7B0000:error:0A000126:SSL routines:ssl3_read_n:unexpected eof while reading:../ssl/record/rec_layer_s3.c:316:
SSL read failed (1) - closing connection
00F6929C7D7B0000:error:0A000126:SSL routines:ssl3_read_n:unexpected eof while reading:../ssl/record/rec_layer_s3.c:316:
..done


Server Software:        Google
Server Hostname:        projectcloud-479410.ew.r.appspot.com
Server Port:            443
SSL/TLS Protocol:       TLSv1.3,TLS_AES_256_GCM_SHA384,256,256
Server Temp Key:        X25519 253 bits
TLS Server Name:        projectcloud-479410.ew.r.appspot.com

Document Path:          /api/timeline?user=user11
Document Length:        0 bytes

Concurrency Level:      1
Time taken for tests:   1.818 seconds
Complete requests:      3
Failed requests:        3
   (Connect: 0, Receive: 0, Length: 3, Exceptions: 0)
Total transferred:      6969 bytes
HTML transferred:       6324 bytes
Requests per second:    1.65 [#/sec] (mean)
Time per request:       606.085 [ms] (mean)
Time per request:       606.085 [ms] (mean, across all concurrent requests)
Transfer rate:          3.74 [Kbytes/sec] received

Connection Times (ms)
              min  mean[+/-sd] median   max
Connect:        3    7   4.4      8      12
Processing:   193  599 524.5    802    1192
Waiting:      193  599 524.5    802    1191
Total:        205  606 520.9    806    1195

Percentage of the requests served within a certain time (ms)
  50%    418
  66%    418
  75%   1195
  80%   1195
  90%   1195
  95%   1195
  98%   1195
  99%   1195
 100%   1195 (longest request)
