This is ApacheBench, Version 2.3 <$Revision: 1903618 $>
Copyright 1996 Adam Twiss, Zeus Technology Ltd, http://www.zeustech.net/
Licensed to The Apache Software Foundation, http://www.apache.org/

Benchmarking projectcloud-479410.ew.r.appspot.com (be patient)...SSL read failed (1) - closing connection
0016F060D47D0000:error:0A000126:SSL routines:ssl3_read_n:unexpected eof while reading:../ssl/record/rec_layer_s3.c:316:
SSL read failed (1) - closing connection
0016F060D47D0000:error:0A000126:SSL routines:ssl3_read_n:unexpected eof while reading:../ssl/record/rec_layer_s3.c:316:
SSL read failed (1) - closing connection
0016F060D47D0000:error:0A000126:SSL routines:ssl3_read_n:unexpected eof while reading:../ssl/record/rec_layer_s3.c:316:
..done


Server Software:        Google
Server Hostname:        projectcloud-479410.ew.r.appspot.com
Server Port:            443
SSL/TLS Protocol:       TLSv1.3,TLS_AES_256_GCM_SHA384,256,256
Server Temp Key:        X25519 253 bits
TLS Server Name:        projectcloud-479410.ew.r.appspot.com

Document Path:          /api/timeline?user=user748
Document Length:        0 bytes

Concurrency Level:      1
Time taken for tests:   0.602 seconds
Complete requests:      3
Failed requests:        3
   (Connect: 0, Receive: 0, Length: 3, Exceptions: 0)
Total transferred:      6999 bytes
HTML transferred:       6354 bytes
Requests per second:    4.98 [#/sec] (mean)
Time per request:       200.795 [ms] (mean)
Time per request:       200.795 [ms] (mean, across all concurrent requests)
Transfer rate:          11.35 [Kbytes/sec] received

Connection Times (ms)
              min  mean[+/-sd] median   max
Connect:        3    6   5.2      8      12
Processing:   100  194  95.8    242     291
Waiting:      100  194  95.8    242     291
Total:        103  201  96.3    250     295

Percentage of the requests served within a certain time (ms)
  50%    204
  66%    204
  75%    295
  80%    295
  90%    295
  95%    295
  98%    295
  99%    295
 100%    295 (longest request)
