This is ApacheBench, Version 2.3 <$Revision: 1903618 $>
Copyright 1996 Adam Twiss, Zeus Technology Ltd, http://www.zeustech.net/
Licensed to The Apache Software Foundation, http://www.apache.org/

Benchmarking projectcloud-479410.ew.r.appspot.com (be patient)...SSL read failed (1) - closing connection
0026C3EB41790000:error:0A000126:SSL routines:ssl3_read_n:unexpected eof while reading:../ssl/record/rec_layer_s3.c:316:
..done


Server Software:        Google
Server Hostname:        projectcloud-479410.ew.r.appspot.com
Server Port:            443
SSL/TLS Protocol:       TLSv1.3,TLS_AES_256_GCM_SHA384,256,256
Server Temp Key:        X25519 253 bits
TLS Server Name:        projectcloud-479410.ew.r.appspot.com

Document Path:          /api/timeline?user=user536
Document Length:        0 bytes

Concurrency Level:      1
Time taken for tests:   0.184 seconds
Complete requests:      1
Failed requests:        1
   (Connect: 0, Receive: 0, Length: 1, Exceptions: 0)
Total transferred:      2336 bytes
HTML transferred:       2121 bytes
Requests per second:    5.43 [#/sec] (mean)
Time per request:       184.077 [ms] (mean)
Time per request:       184.077 [ms] (mean, across all concurrent requests)
Transfer rate:          12.39 [Kbytes/sec] received

Connection Times (ms)
              min  mean[+/-sd] median   max
Connect:        9    9   0.0      9       9
Processing:   175  175   0.0    175     175
Waiting:      175  175   0.0    175     175
Total:        184  184   0.0    184     184
