This is ApacheBench, Version 2.3 <$Revision: 1903618 $>
Copyright 1996 Adam Twiss, Zeus Technology Ltd, http://www.zeustech.net/
Licensed to The Apache Software Foundation, http://www.apache.org/

Benchmarking projectcloud-479410.ew.r.appspot.com (be patient)...SSL read failed (1) - closing connection
00A6D24F75780000:error:0A000126:SSL routines:ssl3_read_n:unexpected eof while reading:../ssl/record/rec_layer_s3.c:316:
SSL read failed (1) - closing connection
00A6D24F75780000:error:0A000126:SSL routines:ssl3_read_n:unexpected eof while reading:../ssl/record/rec_layer_s3.c:316:
..done


Server Software:        Google
Server Hostname:        projectcloud-479410.ew.r.appspot.com
Server Port:            443
SSL/TLS Protocol:       TLSv1.3,TLS_AES_256_GCM_SHA384,256,256
Server Temp Key:        X25519 253 bits
TLS Server Name:        projectcloud-479410.ew.r.appspot.com

Document Path:          /api/timeline?user=user855
Document Length:        0 bytes

Concurrency Level:      1
Time taken for tests:   0.362 seconds
Complete requests:      2
Failed requests:        2
   (Connect: 0, Receive: 0, Length: 2, Exceptions: 0)
Total transferred:      4660 bytes
HTML transferred:       4230 bytes
Requests per second:    5.52 [#/sec] (mean)
Time per request:       181.032 [ms] (mean)
Time per request:       181.032 [ms] (mean, across all concurrent requests)
Transfer rate:          12.57 [Kbytes/sec] received

Connection Times (ms)
              min  mean[+/-sd] median   max
Connect:        7    8   2.7     10      10
Processing:    42  172 184.6    303     303
Waiting:       42  172 184.6    303     303
Total:         52  181 181.9    310     310

Percentage of the requests served within a certain time (ms)
  50%    310
  66%    310
  75%    310
  80%    310
  90%    310
  95%    310
  98%    310
  99%    310
 100%    310 (longest request)
