This is ApacheBench, Version 2.3 <$Revision: 1903618 $>
Copyright 1996 Adam Twiss, Zeus Technology Ltd, http://www.zeustech.net/
Licensed to The Apache Software Foundation, http://www.apache.org/

Benchmarking projectcloud-479410.ew.r.appspot.com (be patient)...SSL read failed (1) - closing connection
00B6E8295E790000:error:0A000126:SSL routines:ssl3_read_n:unexpected eof while reading:../ssl/record/rec_layer_s3.c:316:
SSL read failed (1) - closing connection
00B6E8295E790000:error:0A000126:SSL routines:ssl3_read_n:unexpected eof while reading:../ssl/record/rec_layer_s3.c:316:
SSL read failed (1) - closing connection
00B6E8295E790000:error:0A000126:SSL routines:ssl3_read_n:unexpected eof while reading:../ssl/record/rec_layer_s3.c:316:
..done


Server Software:        Google
Server Hostname:        projectcloud-479410.ew.r.appspot.com
Server Port:            443
SSL/TLS Protocol:       TLSv1.3,TLS_AES_256_GCM_SHA384,256,256
Server Temp Key:        X25519 253 bits
TLS Server Name:        projectcloud-479410.ew.r.appspot.com

Document Path:          /api/timeline?user=user152
Document Length:        0 bytes

Concurrency Level:      1
Time taken for tests:   1.800 seconds
Complete requests:      3
Failed requests:        3
   (Connect: 0, Receive: 0, Length: 3, Exceptions: 0)
Total transferred:      6963 bytes
HTML transferred:       6318 bytes
Requests per second:    1.67 [#/sec] (mean)
Time per request:       599.970 [ms] (mean)
Time per request:       599.970 [ms] (mean, across all concurrent requests)
Transfer rate:          3.78 [Kbytes/sec] received

Connection Times (ms)
              min  mean[+/-sd] median   max
Connect:        3    5   2.9      6       9
Processing:   152  594 523.2    816    1172
Waiting:      152  594 523.2    815    1172
Total:        161  600 521.2    819    1176

Percentage of the requests served within a certain time (ms)
  50%    463
  66%    463
  75%   1176
  80%   1176
  90%   1176
  95%   1176
  98%   1176
  99%   1176
 100%   1176 (longest request)
