This is ApacheBench, Version 2.3 <$Revision: 1903618 $>
Copyright 1996 Adam Twiss, Zeus Technology Ltd, http://www.zeustech.net/
Licensed to The Apache Software Foundation, http://www.apache.org/

Benchmarking maximal-beach-473712-d1.ew.r.appspot.com (be patient)...SSL read failed (1) - closing connection
009624F3597B0000:error:0A000126:SSL routines:ssl3_read_n:unexpected eof while reading:../ssl/record/rec_layer_s3.c:316:
SSL read failed (1) - closing connection
009624F3597B0000:error:0A000126:SSL routines:ssl3_read_n:unexpected eof while reading:../ssl/record/rec_layer_s3.c:316:
SSL read failed (1) - closing connection
009624F3597B0000:error:0A000126:SSL routines:ssl3_read_n:unexpected eof while reading:../ssl/record/rec_layer_s3.c:316:
SSL read failed (1) - closing connection
009624F3597B0000:error:0A000126:SSL routines:ssl3_read_n:unexpected eof while reading:../ssl/record/rec_layer_s3.c:316:
SSL read failed (1) - closing connection
009624F3597B0000:error:0A000126:SSL routines:ssl3_read_n:unexpected eof while reading:../ssl/record/rec_layer_s3.c:316:
..done


Server Software:        Google
Server Hostname:        maximal-beach-473712-d1.ew.r.appspot.com
Server Port:            443
SSL/TLS Protocol:       TLSv1.3,TLS_AES_256_GCM_SHA384,256,256
Server Temp Key:        X25519 253 bits
TLS Server Name:        maximal-beach-473712-d1.ew.r.appspot.com

Document Path:          /timeline?user=user100
Document Length:        0 bytes

Concurrency Level:      1
Time taken for tests:   0.138 seconds
Complete requests:      5
Failed requests:        5
   (Connect: 0, Receive: 0, Length: 5, Exceptions: 0)
Non-2xx responses:      5
Total transferred:      2180 bytes
HTML transferred:       1035 bytes
Requests per second:    36.13 [#/sec] (mean)
Time per request:       27.681 [ms] (mean)
Time per request:       27.681 [ms] (mean, across all concurrent requests)
Transfer rate:          15.38 [Kbytes/sec] received

Connection Times (ms)
              min  mean[+/-sd] median   max
Connect:        6   11   3.3     11      16
Processing:    12   16   3.4     18      21
Waiting:       12   16   3.0     18      19
Total:         23   27   2.1     28      29

Percentage of the requests served within a certain time (ms)
  50%     28
  66%     28
  75%     28
  80%     29
  90%     29
  95%     29
  98%     29
  99%     29
 100%     29 (longest request)
