This is ApacheBench, Version 2.3 <$Revision: 1903618 $>
Copyright 1996 Adam Twiss, Zeus Technology Ltd, http://www.zeustech.net/
Licensed to The Apache Software Foundation, http://www.apache.org/

Benchmarking projectcloud-479410.ew.r.appspot.com (be patient)...SSL read failed (1) - closing connection
00C6D46FE37A0000:error:0A000126:SSL routines:ssl3_read_n:unexpected eof while reading:../ssl/record/rec_layer_s3.c:316:
SSL read failed (1) - closing connection
00C6D46FE37A0000:error:0A000126:SSL routines:ssl3_read_n:unexpected eof while reading:../ssl/record/rec_layer_s3.c:316:
SSL read failed (1) - closing connection
00C6D46FE37A0000:error:0A000126:SSL routines:ssl3_read_n:unexpected eof while reading:../ssl/record/rec_layer_s3.c:316:
..done


Server Software:        Google
Server Hostname:        projectcloud-479410.ew.r.appspot.com
Server Port:            443
SSL/TLS Protocol:       TLSv1.3,TLS_AES_256_GCM_SHA384,256,256
Server Temp Key:        X25519 253 bits
TLS Server Name:        projectcloud-479410.ew.r.appspot.com

Document Path:          /api/timeline?user=user699
Document Length:        0 bytes

Concurrency Level:      1
Time taken for tests:   0.733 seconds
Complete requests:      3
Failed requests:        3
   (Connect: 0, Receive: 0, Length: 3, Exceptions: 0)
Total transferred:      7005 bytes
HTML transferred:       6360 bytes
Requests per second:    4.09 [#/sec] (mean)
Time per request:       244.482 [ms] (mean)
Time per request:       244.482 [ms] (mean, across all concurrent requests)
Transfer rate:          9.33 [Kbytes/sec] received

Connection Times (ms)
              min  mean[+/-sd] median   max
Connect:        4    7   6.0      9      14
Processing:    58  237 291.9    327     574
Waiting:       57  237 291.9    327     574
Total:         72  244 288.5    331     577

Percentage of the requests served within a certain time (ms)
  50%     84
  66%     84
  75%    577
  80%    577
  90%    577
  95%    577
  98%    577
  99%    577
 100%    577 (longest request)
