This is ApacheBench, Version 2.3 <$Revision: 1903618 $>
Copyright 1996 Adam Twiss, Zeus Technology Ltd, http://www.zeustech.net/
Licensed to The Apache Software Foundation, http://www.apache.org/

Benchmarking projectcloud-479410.ew.r.appspot.com (be patient)...SSL read failed (1) - closing connection
00B63511047F0000:error:0A000126:SSL routines:ssl3_read_n:unexpected eof while reading:../ssl/record/rec_layer_s3.c:316:
SSL read failed (1) - closing connection
00B63511047F0000:error:0A000126:SSL routines:ssl3_read_n:unexpected eof while reading:../ssl/record/rec_layer_s3.c:316:
..done


Server Software:        Google
Server Hostname:        projectcloud-479410.ew.r.appspot.com
Server Port:            443
SSL/TLS Protocol:       TLSv1.3,TLS_AES_256_GCM_SHA384,256,256
Server Temp Key:        X25519 253 bits
TLS Server Name:        projectcloud-479410.ew.r.appspot.com

Document Path:          /api/timeline?user=user703
Document Length:        0 bytes

Concurrency Level:      1
Time taken for tests:   0.644 seconds
Complete requests:      2
Failed requests:        2
   (Connect: 0, Receive: 0, Length: 2, Exceptions: 0)
Total transferred:      4668 bytes
HTML transferred:       4238 bytes
Requests per second:    3.11 [#/sec] (mean)
Time per request:       321.927 [ms] (mean)
Time per request:       321.927 [ms] (mean, across all concurrent requests)
Transfer rate:          7.08 [Kbytes/sec] received

Connection Times (ms)
              min  mean[+/-sd] median   max
Connect:        4    7   3.4      9       9
Processing:   266  315  68.6    363     363
Waiting:      266  315  68.5    363     363
Total:        276  322  65.2    368     368

Percentage of the requests served within a certain time (ms)
  50%    368
  66%    368
  75%    368
  80%    368
  90%    368
  95%    368
  98%    368
  99%    368
 100%    368 (longest request)
