This is ApacheBench, Version 2.3 <$Revision: 1903618 $>
Copyright 1996 Adam Twiss, Zeus Technology Ltd, http://www.zeustech.net/
Licensed to The Apache Software Foundation, http://www.apache.org/

Benchmarking projectcloud-479410.ew.r.appspot.com (be patient)...SSL read failed (1) - closing connection
00F63E3CFB7D0000:error:0A000126:SSL routines:ssl3_read_n:unexpected eof while reading:../ssl/record/rec_layer_s3.c:316:
SSL read failed (1) - closing connection
00F63E3CFB7D0000:error:0A000126:SSL routines:ssl3_read_n:unexpected eof while reading:../ssl/record/rec_layer_s3.c:316:
SSL read failed (1) - closing connection
00F63E3CFB7D0000:error:0A000126:SSL routines:ssl3_read_n:unexpected eof while reading:../ssl/record/rec_layer_s3.c:316:
..done


Server Software:        Google
Server Hostname:        projectcloud-479410.ew.r.appspot.com
Server Port:            443
SSL/TLS Protocol:       TLSv1.3,TLS_AES_256_GCM_SHA384,256,256
Server Temp Key:        X25519 253 bits
TLS Server Name:        projectcloud-479410.ew.r.appspot.com

Document Path:          /api/timeline?user=user5
Document Length:        0 bytes

Concurrency Level:      1
Time taken for tests:   0.570 seconds
Complete requests:      3
Failed requests:        3
   (Connect: 0, Receive: 0, Length: 3, Exceptions: 0)
Total transferred:      6993 bytes
HTML transferred:       6348 bytes
Requests per second:    5.26 [#/sec] (mean)
Time per request:       190.025 [ms] (mean)
Time per request:       190.025 [ms] (mean, across all concurrent requests)
Transfer rate:          11.98 [Kbytes/sec] received

Connection Times (ms)
              min  mean[+/-sd] median   max
Connect:        3    5   1.4      5       6
Processing:    87  185 167.9    235     379
Waiting:       87  185 167.9    234     379
Total:         90  190 168.8    240     385

Percentage of the requests served within a certain time (ms)
  50%     95
  66%     95
  75%    385
  80%    385
  90%    385
  95%    385
  98%    385
  99%    385
 100%    385 (longest request)
