This is ApacheBench, Version 2.3 <$Revision: 1903618 $>
Copyright 1996 Adam Twiss, Zeus Technology Ltd, http://www.zeustech.net/
Licensed to The Apache Software Foundation, http://www.apache.org/

Benchmarking projectcloud-479410.ew.r.appspot.com (be patient)...SSL read failed (1) - closing connection
00A6E32871790000:error:0A000126:SSL routines:ssl3_read_n:unexpected eof while reading:../ssl/record/rec_layer_s3.c:316:
SSL read failed (1) - closing connection
00A6E32871790000:error:0A000126:SSL routines:ssl3_read_n:unexpected eof while reading:../ssl/record/rec_layer_s3.c:316:
..done


Server Software:        Google
Server Hostname:        projectcloud-479410.ew.r.appspot.com
Server Port:            443
SSL/TLS Protocol:       TLSv1.3,TLS_AES_256_GCM_SHA384,256,256
Server Temp Key:        X25519 253 bits
TLS Server Name:        projectcloud-479410.ew.r.appspot.com

Document Path:          /api/timeline?user=user287
Document Length:        0 bytes

Concurrency Level:      1
Time taken for tests:   0.551 seconds
Complete requests:      2
Failed requests:        2
   (Connect: 0, Receive: 0, Length: 2, Exceptions: 0)
Total transferred:      4638 bytes
HTML transferred:       4208 bytes
Requests per second:    3.63 [#/sec] (mean)
Time per request:       275.429 [ms] (mean)
Time per request:       275.429 [ms] (mean, across all concurrent requests)
Transfer rate:          8.22 [Kbytes/sec] received

Connection Times (ms)
              min  mean[+/-sd] median   max
Connect:        4    9   6.6     14      14
Processing:   210  266  80.1    323     323
Waiting:      210  266  80.1    323     323
Total:        223  275  73.5    327     327

Percentage of the requests served within a certain time (ms)
  50%    327
  66%    327
  75%    327
  80%    327
  90%    327
  95%    327
  98%    327
  99%    327
 100%    327 (longest request)
