This is ApacheBench, Version 2.3 <$Revision: 1903618 $>
Copyright 1996 Adam Twiss, Zeus Technology Ltd, http://www.zeustech.net/
Licensed to The Apache Software Foundation, http://www.apache.org/

Benchmarking projectcloud-479410.ew.r.appspot.com (be patient)...SSL read failed (1) - closing connection
007676C0F9780000:error:0A000126:SSL routines:ssl3_read_n:unexpected eof while reading:../ssl/record/rec_layer_s3.c:316:
SSL read failed (1) - closing connection
007676C0F9780000:error:0A000126:SSL routines:ssl3_read_n:unexpected eof while reading:../ssl/record/rec_layer_s3.c:316:
SSL read failed (1) - closing connection
007676C0F9780000:error:0A000126:SSL routines:ssl3_read_n:unexpected eof while reading:../ssl/record/rec_layer_s3.c:316:
SSL read failed (1) - closing connection
007676C0F9780000:error:0A000126:SSL routines:ssl3_read_n:unexpected eof while reading:../ssl/record/rec_layer_s3.c:316:
SSL read failed (1) - closing connection
007676C0F9780000:error:0A000126:SSL routines:ssl3_read_n:unexpected eof while reading:../ssl/record/rec_layer_s3.c:316:
SSL read failed (1) - closing connection
007676C0F9780000:error:0A000126:SSL routines:ssl3_read_n:unexpected eof while reading:../ssl/record/rec_layer_s3.c:316:
SSL read failed (1) - closing connection
007676C0F9780000:error:0A000126:SSL routines:ssl3_read_n:unexpected eof while reading:../ssl/record/rec_layer_s3.c:316:
SSL read failed (1) - closing connection
007676C0F9780000:error:0A000126:SSL routines:ssl3_read_n:unexpected eof while reading:../ssl/record/rec_layer_s3.c:316:
SSL read failed (1) - closing connection
007676C0F9780000:error:0A000126:SSL routines:ssl3_read_n:unexpected eof while reading:../ssl/record/rec_layer_s3.c:316:
SSL read failed (1) - closing connection
007676C0F9780000:error:0A000126:SSL routines:ssl3_read_n:unexpected eof while reading:../ssl/record/rec_layer_s3.c:316:
..done


Server Software:        Google
Server Hostname:        projectcloud-479410.ew.r.appspot.com
Server Port:            443
SSL/TLS Protocol:       TLSv1.3,TLS_AES_256_GCM_SHA384,256,256
Server Temp Key:        X25519 253 bits
TLS Server Name:        projectcloud-479410.ew.r.appspot.com

Document Path:          //api/timeline?user=user883
Document Length:        0 bytes

Concurrency Level:      1
Time taken for tests:   3.363 seconds
Complete requests:      10
Failed requests:        10
   (Connect: 0, Receive: 0, Length: 10, Exceptions: 0)
Total transferred:      23240 bytes
HTML transferred:       21090 bytes
Requests per second:    2.97 [#/sec] (mean)
Time per request:       336.336 [ms] (mean)
Time per request:       336.336 [ms] (mean, across all concurrent requests)
Transfer rate:          6.75 [Kbytes/sec] received

Connection Times (ms)
              min  mean[+/-sd] median   max
Connect:        4    9   4.3      8      16
Processing:    77  327 131.0    335     511
Waiting:       77  327 131.1    335     511
Total:         84  336 131.0    343     527

Percentage of the requests served within a certain time (ms)
  50%    343
  66%    389
  75%    407
  80%    450
  90%    527
  95%    527
  98%    527
  99%    527
 100%    527 (longest request)
