This is ApacheBench, Version 2.3 <$Revision: 1903618 $>
Copyright 1996 Adam Twiss, Zeus Technology Ltd, http://www.zeustech.net/
Licensed to The Apache Software Foundation, http://www.apache.org/

Benchmarking projectcloud-479410.ew.r.appspot.com (be patient)...SSL read failed (1) - closing connection
0086CCB52C7E0000:error:0A000126:SSL routines:ssl3_read_n:unexpected eof while reading:../ssl/record/rec_layer_s3.c:316:
SSL read failed (1) - closing connection
0086CCB52C7E0000:error:0A000126:SSL routines:ssl3_read_n:unexpected eof while reading:../ssl/record/rec_layer_s3.c:316:
SSL read failed (1) - closing connection
0086CCB52C7E0000:error:0A000126:SSL routines:ssl3_read_n:unexpected eof while reading:../ssl/record/rec_layer_s3.c:316:
..done


Server Software:        Google
Server Hostname:        projectcloud-479410.ew.r.appspot.com
Server Port:            443
SSL/TLS Protocol:       TLSv1.3,TLS_AES_256_GCM_SHA384,256,256
Server Temp Key:        X25519 253 bits
TLS Server Name:        projectcloud-479410.ew.r.appspot.com

Document Path:          /api/timeline?user=user834
Document Length:        0 bytes

Concurrency Level:      1
Time taken for tests:   0.444 seconds
Complete requests:      3
Failed requests:        3
   (Connect: 0, Receive: 0, Length: 3, Exceptions: 0)
Total transferred:      6996 bytes
HTML transferred:       6351 bytes
Requests per second:    6.75 [#/sec] (mean)
Time per request:       148.100 [ms] (mean)
Time per request:       148.100 [ms] (mean, across all concurrent requests)
Transfer rate:          15.38 [Kbytes/sec] received

Connection Times (ms)
              min  mean[+/-sd] median   max
Connect:        6    8   2.3      9      10
Processing:    63  140 127.1    178     287
Waiting:       63  140 127.2    178     287
Total:         69  148 129.0    187     297

Percentage of the requests served within a certain time (ms)
  50%     78
  66%     78
  75%    297
  80%    297
  90%    297
  95%    297
  98%    297
  99%    297
 100%    297 (longest request)
