This is ApacheBench, Version 2.3 <$Revision: 1903618 $>
Copyright 1996 Adam Twiss, Zeus Technology Ltd, http://www.zeustech.net/
Licensed to The Apache Software Foundation, http://www.apache.org/

Benchmarking projectcloud-479410.ew.r.appspot.com (be patient)...SSL read failed (1) - closing connection
0096460994780000:error:0A000126:SSL routines:ssl3_read_n:unexpected eof while reading:../ssl/record/rec_layer_s3.c:316:
..done


Server Software:        Google
Server Hostname:        projectcloud-479410.ew.r.appspot.com
Server Port:            443
SSL/TLS Protocol:       TLSv1.3,TLS_AES_256_GCM_SHA384,256,256
Server Temp Key:        X25519 253 bits
TLS Server Name:        projectcloud-479410.ew.r.appspot.com

Document Path:          /api/timeline?user=user654
Document Length:        0 bytes

Concurrency Level:      1
Time taken for tests:   0.050 seconds
Complete requests:      1
Failed requests:        1
   (Connect: 0, Receive: 0, Length: 1, Exceptions: 0)
Total transferred:      2341 bytes
HTML transferred:       2126 bytes
Requests per second:    19.87 [#/sec] (mean)
Time per request:       50.321 [ms] (mean)
Time per request:       50.321 [ms] (mean, across all concurrent requests)
Transfer rate:          45.43 [Kbytes/sec] received

Connection Times (ms)
              min  mean[+/-sd] median   max
Connect:        9    9   0.0      9       9
Processing:    41   41   0.0     41      41
Waiting:       41   41   0.0     41      41
Total:         50   50   0.0     50      50
