This is ApacheBench, Version 2.3 <$Revision: 1903618 $>
Copyright 1996 Adam Twiss, Zeus Technology Ltd, http://www.zeustech.net/
Licensed to The Apache Software Foundation, http://www.apache.org/

Benchmarking projectcloud-479410.ew.r.appspot.com (be patient)...SSL read failed (1) - closing connection
0096CD2B507A0000:error:0A000126:SSL routines:ssl3_read_n:unexpected eof while reading:../ssl/record/rec_layer_s3.c:316:
SSL read failed (1) - closing connection
0096CD2B507A0000:error:0A000126:SSL routines:ssl3_read_n:unexpected eof while reading:../ssl/record/rec_layer_s3.c:316:
SSL read failed (1) - closing connection
0096CD2B507A0000:error:0A000126:SSL routines:ssl3_read_n:unexpected eof while reading:../ssl/record/rec_layer_s3.c:316:
..done


Server Software:        Google
Server Hostname:        projectcloud-479410.ew.r.appspot.com
Server Port:            443
SSL/TLS Protocol:       TLSv1.3,TLS_AES_256_GCM_SHA384,256,256
Server Temp Key:        X25519 253 bits
TLS Server Name:        projectcloud-479410.ew.r.appspot.com

Document Path:          /api/timeline?user=user24
Document Length:        0 bytes

Concurrency Level:      1
Time taken for tests:   0.424 seconds
Complete requests:      3
Failed requests:        3
   (Connect: 0, Receive: 0, Length: 3, Exceptions: 0)
Total transferred:      6972 bytes
HTML transferred:       6327 bytes
Requests per second:    7.07 [#/sec] (mean)
Time per request:       141.350 [ms] (mean)
Time per request:       141.350 [ms] (mean, across all concurrent requests)
Transfer rate:          16.06 [Kbytes/sec] received

Connection Times (ms)
              min  mean[+/-sd] median   max
Connect:        3    5   2.0      6       7
Processing:    53  136 135.7    178     293
Waiting:       53  136 135.7    177     293
Total:         57  141 135.7    184     298

Percentage of the requests served within a certain time (ms)
  50%     69
  66%     69
  75%    298
  80%    298
  90%    298
  95%    298
  98%    298
  99%    298
 100%    298 (longest request)
