This is ApacheBench, Version 2.3 <$Revision: 1913912 $>
Copyright 1996 Adam Twiss, Zeus Technology Ltd, http://www.zeustech.net/
Licensed to The Apache Software Foundation, http://www.apache.org/

Benchmarking maximal-beach-473712-d1.ew.r.appspot.com (be patient)
Completed 100 requests
Completed 200 requests
Completed 300 requests
Completed 400 requests
Completed 500 requests
Finished 500 requests


Server Software:        Google
Server Hostname:        maximal-beach-473712-d1.ew.r.appspot.com
Server Port:            443
SSL/TLS Protocol:       TLSv1.2,ECDHE-ECDSA-CHACHA20-POLY1305,256,256
Server Temp Key:        ECDH X25519 253 bits
TLS Server Name:        maximal-beach-473712-d1.ew.r.appspot.com

Document Path:          /api/timeline?user=benchA1&limit=20
Document Length:        566 bytes

Concurrency Level:      20
Time taken for tests:   5.089 seconds
Complete requests:      500
Failed requests:        0
Total transferred:      418504 bytes
HTML transferred:       283000 bytes
Requests per second:    98.26 [#/sec] (mean)
Time per request:       203.550 [ms] (mean)
Time per request:       10.177 [ms] (mean, across all concurrent requests)
Transfer rate:          80.31 [Kbytes/sec] received

Connection Times (ms)
              min  mean[+/-sd] median   max
Connect:       40   52  16.4     49     350
Processing:    45  140 124.6     81    1314
Waiting:       43  139 124.6     81    1314
Total:         90  192 127.1    133    1395

Percentage of the requests served within a certain time (ms)
  50%    133
  66%    210
  75%    255
  80%    279
  90%    349
  95%    378
  98%    474
  99%    602
 100%   1395 (longest request)
