This is ApacheBench, Version 2.3 <$Revision: 1903618 $>
Copyright 1996 Adam Twiss, Zeus Technology Ltd, http://www.zeustech.net/
Licensed to The Apache Software Foundation, http://www.apache.org/

Benchmarking projectcloud-479410.ew.r.appspot.com (be patient)...SSL read failed (1) - closing connection
00A6287C027A0000:error:0A000126:SSL routines:ssl3_read_n:unexpected eof while reading:../ssl/record/rec_layer_s3.c:316:
SSL read failed (1) - closing connection
00A6287C027A0000:error:0A000126:SSL routines:ssl3_read_n:unexpected eof while reading:../ssl/record/rec_layer_s3.c:316:
SSL read failed (1) - closing connection
00A6287C027A0000:error:0A000126:SSL routines:ssl3_read_n:unexpected eof while reading:../ssl/record/rec_layer_s3.c:316:
..done


Server Software:        Google
Server Hostname:        projectcloud-479410.ew.r.appspot.com
Server Port:            443
SSL/TLS Protocol:       TLSv1.3,TLS_AES_256_GCM_SHA384,256,256
Server Temp Key:        X25519 253 bits
TLS Server Name:        projectcloud-479410.ew.r.appspot.com

Document Path:          /api/timeline?user=user292
Document Length:        0 bytes

Concurrency Level:      1
Time taken for tests:   0.594 seconds
Complete requests:      3
Failed requests:        3
   (Connect: 0, Receive: 0, Length: 3, Exceptions: 0)
Total transferred:      6981 bytes
HTML transferred:       6336 bytes
Requests per second:    5.05 [#/sec] (mean)
Time per request:       197.867 [ms] (mean)
Time per request:       197.867 [ms] (mean, across all concurrent requests)
Transfer rate:          11.48 [Kbytes/sec] received

Connection Times (ms)
              min  mean[+/-sd] median   max
Connect:        3    4   0.7      4       5
Processing:    82  194 101.9    250     281
Waiting:       82  193 101.9    249     281
Total:         86  198 101.6    254     285

Percentage of the requests served within a certain time (ms)
  50%    222
  66%    222
  75%    285
  80%    285
  90%    285
  95%    285
  98%    285
  99%    285
 100%    285 (longest request)
