This is ApacheBench, Version 2.3 <$Revision: 1913912 $>
Copyright 1996 Adam Twiss, Zeus Technology Ltd, http://www.zeustech.net/
Licensed to The Apache Software Foundation, http://www.apache.org/

Benchmarking maximal-beach-473712-d1.ew.r.appspot.com (be patient)
Completed 100 requests
Completed 200 requests
Completed 300 requests
Completed 400 requests
Completed 500 requests
Finished 500 requests


Server Software:        Google
Server Hostname:        maximal-beach-473712-d1.ew.r.appspot.com
Server Port:            443
SSL/TLS Protocol:       TLSv1.2,ECDHE-ECDSA-CHACHA20-POLY1305,256,256
Server Temp Key:        ECDH X25519 253 bits
TLS Server Name:        maximal-beach-473712-d1.ew.r.appspot.com

Document Path:          /api/timeline?user=benchA1&limit=20
Document Length:        566 bytes

Concurrency Level:      10
Time taken for tests:   6.545 seconds
Complete requests:      500
Failed requests:        0
Total transferred:      418504 bytes
HTML transferred:       283000 bytes
Requests per second:    76.40 [#/sec] (mean)
Time per request:       130.894 [ms] (mean)
Time per request:       13.089 [ms] (mean, across all concurrent requests)
Transfer rate:          62.45 [Kbytes/sec] received

Connection Times (ms)
              min  mean[+/-sd] median   max
Connect:       41   54  24.7     50     558
Processing:    42   74  32.8     64     283
Waiting:       42   73  31.4     63     270
Total:         88  128  41.3    118     637

Percentage of the requests served within a certain time (ms)
  50%    118
  66%    129
  75%    137
  80%    142
  90%    169
  95%    192
  98%    234
  99%    309
 100%    637 (longest request)
