This is ApacheBench, Version 2.3 <$Revision: 1913912 $>
Copyright 1996 Adam Twiss, Zeus Technology Ltd, http://www.zeustech.net/
Licensed to The Apache Software Foundation, http://www.apache.org/

Benchmarking maximal-beach-473712-d1.ew.r.appspot.com (be patient)
Completed 100 requests
Completed 200 requests
Completed 300 requests
Completed 400 requests
Completed 500 requests
Finished 500 requests


Server Software:        Google
Server Hostname:        maximal-beach-473712-d1.ew.r.appspot.com
Server Port:            443
SSL/TLS Protocol:       TLSv1.2,ECDHE-ECDSA-CHACHA20-POLY1305,256,256
Server Temp Key:        ECDH X25519 253 bits
TLS Server Name:        maximal-beach-473712-d1.ew.r.appspot.com

Document Path:          /api/timeline?user=benchA1&limit=20
Document Length:        566 bytes

Concurrency Level:      10
Time taken for tests:   9.347 seconds
Complete requests:      500
Failed requests:        0
Total transferred:      418504 bytes
HTML transferred:       283000 bytes
Requests per second:    53.49 [#/sec] (mean)
Time per request:       186.948 [ms] (mean)
Time per request:       18.695 [ms] (mean, across all concurrent requests)
Transfer rate:          43.72 [Kbytes/sec] received

Connection Times (ms)
              min  mean[+/-sd] median   max
Connect:       41   57  23.0     51     289
Processing:    43  126  82.9    107    1343
Waiting:       43  125  82.2    106    1342
Total:         94  184  85.1    167    1416

Percentage of the requests served within a certain time (ms)
  50%    167
  66%    200
  75%    224
  80%    241
  90%    269
  95%    289
  98%    348
  99%    405
 100%   1416 (longest request)
