This is ApacheBench, Version 2.3 <$Revision: 1903618 $>
Copyright 1996 Adam Twiss, Zeus Technology Ltd, http://www.zeustech.net/
Licensed to The Apache Software Foundation, http://www.apache.org/

Benchmarking maximal-beach-473712-d1.ew.r.appspot.com (be patient)...SSL read failed (1) - closing connection
00B6D38B807D0000:error:0A000126:SSL routines:ssl3_read_n:unexpected eof while reading:../ssl/record/rec_layer_s3.c:316:
SSL read failed (1) - closing connection
00B6D38B807D0000:error:0A000126:SSL routines:ssl3_read_n:unexpected eof while reading:../ssl/record/rec_layer_s3.c:316:
SSL read failed (1) - closing connection
00B6D38B807D0000:error:0A000126:SSL routines:ssl3_read_n:unexpected eof while reading:../ssl/record/rec_layer_s3.c:316:
SSL read failed (1) - closing connection
00B6D38B807D0000:error:0A000126:SSL routines:ssl3_read_n:unexpected eof while reading:../ssl/record/rec_layer_s3.c:316:
SSL read failed (1) - closing connection
00B6D38B807D0000:error:0A000126:SSL routines:ssl3_read_n:unexpected eof while reading:../ssl/record/rec_layer_s3.c:316:
..done


Server Software:        Google
Server Hostname:        maximal-beach-473712-d1.ew.r.appspot.com
Server Port:            443
SSL/TLS Protocol:       TLSv1.3,TLS_AES_256_GCM_SHA384,256,256
Server Temp Key:        X25519 253 bits
TLS Server Name:        maximal-beach-473712-d1.ew.r.appspot.com

Document Path:          /timeline?user=user11
Document Length:        0 bytes

Concurrency Level:      1
Time taken for tests:   0.184 seconds
Complete requests:      5
Failed requests:        5
   (Connect: 0, Receive: 0, Length: 5, Exceptions: 0)
Non-2xx responses:      5
Total transferred:      2180 bytes
HTML transferred:       1035 bytes
Requests per second:    27.16 [#/sec] (mean)
Time per request:       36.820 [ms] (mean)
Time per request:       36.820 [ms] (mean, across all concurrent requests)
Transfer rate:          11.56 [Kbytes/sec] received

Connection Times (ms)
              min  mean[+/-sd] median   max
Connect:        8   11   2.0     11      13
Processing:    15   26  19.6     18      61
Waiting:       15   26  19.6     18      61
Total:         26   37  19.1     29      71

Percentage of the requests served within a certain time (ms)
  50%     28
  66%     30
  75%     30
  80%     71
  90%     71
  95%     71
  98%     71
  99%     71
 100%     71 (longest request)
