This is ApacheBench, Version 2.3 <$Revision: 1903618 $>
Copyright 1996 Adam Twiss, Zeus Technology Ltd, http://www.zeustech.net/
Licensed to The Apache Software Foundation, http://www.apache.org/

Benchmarking projectcloud-479410.ew.r.appspot.com (be patient)...SSL read failed (1) - closing connection
002617C6EF7E0000:error:0A000126:SSL routines:ssl3_read_n:unexpected eof while reading:../ssl/record/rec_layer_s3.c:316:
SSL read failed (1) - closing connection
002617C6EF7E0000:error:0A000126:SSL routines:ssl3_read_n:unexpected eof while reading:../ssl/record/rec_layer_s3.c:316:
SSL read failed (1) - closing connection
002617C6EF7E0000:error:0A000126:SSL routines:ssl3_read_n:unexpected eof while reading:../ssl/record/rec_layer_s3.c:316:
..done


Server Software:        Google
Server Hostname:        projectcloud-479410.ew.r.appspot.com
Server Port:            443
SSL/TLS Protocol:       TLSv1.3,TLS_AES_256_GCM_SHA384,256,256
Server Temp Key:        X25519 253 bits
TLS Server Name:        projectcloud-479410.ew.r.appspot.com

Document Path:          /api/timeline?user=user805
Document Length:        0 bytes

Concurrency Level:      1
Time taken for tests:   0.702 seconds
Complete requests:      3
Failed requests:        3
   (Connect: 0, Receive: 0, Length: 3, Exceptions: 0)
Total transferred:      6972 bytes
HTML transferred:       6327 bytes
Requests per second:    4.28 [#/sec] (mean)
Time per request:       233.913 [ms] (mean)
Time per request:       233.913 [ms] (mean, across all concurrent requests)
Transfer rate:          9.70 [Kbytes/sec] received

Connection Times (ms)
              min  mean[+/-sd] median   max
Connect:        3    4   0.6      4       4
Processing:   110  230 104.9    290     302
Waiting:      110  230 104.8    290     302
Total:        113  234 105.4    294     306

Percentage of the requests served within a certain time (ms)
  50%    282
  66%    282
  75%    306
  80%    306
  90%    306
  95%    306
  98%    306
  99%    306
 100%    306 (longest request)
