This is ApacheBench, Version 2.3 <$Revision: 1903618 $>
Copyright 1996 Adam Twiss, Zeus Technology Ltd, http://www.zeustech.net/
Licensed to The Apache Software Foundation, http://www.apache.org/

Benchmarking maximal-beach-473712-d1.ew.r.appspot.com (be patient)...SSL read failed (1) - closing connection
00A69F89B47A0000:error:0A000126:SSL routines:ssl3_read_n:unexpected eof while reading:../ssl/record/rec_layer_s3.c:316:
..done


Server Software:        Google
Server Hostname:        maximal-beach-473712-d1.ew.r.appspot.com
Server Port:            443
SSL/TLS Protocol:       TLSv1.3,TLS_AES_256_GCM_SHA384,256,256
Server Temp Key:        X25519 253 bits
TLS Server Name:        maximal-beach-473712-d1.ew.r.appspot.com

Document Path:          /timeline?user=user21
Document Length:        0 bytes

Concurrency Level:      1
Time taken for tests:   0.028 seconds
Complete requests:      1
Failed requests:        1
   (Connect: 0, Receive: 0, Length: 1, Exceptions: 0)
Non-2xx responses:      1
Total transferred:      436 bytes
HTML transferred:       207 bytes
Requests per second:    35.12 [#/sec] (mean)
Time per request:       28.471 [ms] (mean)
Time per request:       28.471 [ms] (mean, across all concurrent requests)
Transfer rate:          14.95 [Kbytes/sec] received

Connection Times (ms)
              min  mean[+/-sd] median   max
Connect:       10   10   0.0     10      10
Processing:    19   19   0.0     19      19
Waiting:       19   19   0.0     19      19
Total:         28   28   0.0     28      28
