This is ApacheBench, Version 2.3 <$Revision: 1903618 $>
Copyright 1996 Adam Twiss, Zeus Technology Ltd, http://www.zeustech.net/
Licensed to The Apache Software Foundation, http://www.apache.org/

Benchmarking projectcloud-479410.ew.r.appspot.com (be patient)...SSL read failed (1) - closing connection
002698DC9D7F0000:error:0A000126:SSL routines:ssl3_read_n:unexpected eof while reading:../ssl/record/rec_layer_s3.c:316:
..done


Server Software:        Google
Server Hostname:        projectcloud-479410.ew.r.appspot.com
Server Port:            443
SSL/TLS Protocol:       TLSv1.3,TLS_AES_256_GCM_SHA384,256,256
Server Temp Key:        X25519 253 bits
TLS Server Name:        projectcloud-479410.ew.r.appspot.com

Document Path:          /api/timeline?user=user130
Document Length:        0 bytes

Concurrency Level:      1
Time taken for tests:   0.058 seconds
Complete requests:      1
Failed requests:        1
   (Connect: 0, Receive: 0, Length: 1, Exceptions: 0)
Total transferred:      2332 bytes
HTML transferred:       2117 bytes
Requests per second:    17.19 [#/sec] (mean)
Time per request:       58.187 [ms] (mean)
Time per request:       58.187 [ms] (mean, across all concurrent requests)
Transfer rate:          39.14 [Kbytes/sec] received

Connection Times (ms)
              min  mean[+/-sd] median   max
Connect:       16   16   0.0     16      16
Processing:    42   42   0.0     42      42
Waiting:       42   42   0.0     42      42
Total:         58   58   0.0     58      58
