This is ApacheBench, Version 2.3 <$Revision: 1903618 $>
Copyright 1996 Adam Twiss, Zeus Technology Ltd, http://www.zeustech.net/
Licensed to The Apache Software Foundation, http://www.apache.org/

Benchmarking projectcloud-479410.ew.r.appspot.com (be patient)...SSL read failed (1) - closing connection
00F6DC874A780000:error:0A000126:SSL routines:ssl3_read_n:unexpected eof while reading:../ssl/record/rec_layer_s3.c:316:
SSL read failed (1) - closing connection
00F6DC874A780000:error:0A000126:SSL routines:ssl3_read_n:unexpected eof while reading:../ssl/record/rec_layer_s3.c:316:
SSL read failed (1) - closing connection
00F6DC874A780000:error:0A000126:SSL routines:ssl3_read_n:unexpected eof while reading:../ssl/record/rec_layer_s3.c:316:
SSL read failed (1) - closing connection
00F6DC874A780000:error:0A000126:SSL routines:ssl3_read_n:unexpected eof while reading:../ssl/record/rec_layer_s3.c:316:
SSL read failed (1) - closing connection
00F6DC874A780000:error:0A000126:SSL routines:ssl3_read_n:unexpected eof while reading:../ssl/record/rec_layer_s3.c:316:
SSL read failed (1) - closing connection
00F6DC874A780000:error:0A000126:SSL routines:ssl3_read_n:unexpected eof while reading:../ssl/record/rec_layer_s3.c:316:
SSL read failed (1) - closing connection
00F6DC874A780000:error:0A000126:SSL routines:ssl3_read_n:unexpected eof while reading:../ssl/record/rec_layer_s3.c:316:
SSL read failed (1) - closing connection
00F6DC874A780000:error:0A000126:SSL routines:ssl3_read_n:unexpected eof while reading:../ssl/record/rec_layer_s3.c:316:
SSL read failed (1) - closing connection
00F6DC874A780000:error:0A000126:SSL routines:ssl3_read_n:unexpected eof while reading:../ssl/record/rec_layer_s3.c:316:
SSL read failed (1) - closing connection
00F6DC874A780000:error:0A000126:SSL routines:ssl3_read_n:unexpected eof while reading:../ssl/record/rec_layer_s3.c:316:
..done


Server Software:        Google
Server Hostname:        projectcloud-479410.ew.r.appspot.com
Server Port:            443
SSL/TLS Protocol:       TLSv1.3,TLS_AES_256_GCM_SHA384,256,256
Server Temp Key:        X25519 253 bits
TLS Server Name:        projectcloud-479410.ew.r.appspot.com

Document Path:          //api/timeline?user=user737
Document Length:        0 bytes

Concurrency Level:      1
Time taken for tests:   4.338 seconds
Complete requests:      10
Failed requests:        10
   (Connect: 0, Receive: 0, Length: 10, Exceptions: 0)
Total transferred:      23360 bytes
HTML transferred:       21210 bytes
Requests per second:    2.30 [#/sec] (mean)
Time per request:       433.848 [ms] (mean)
Time per request:       433.848 [ms] (mean, across all concurrent requests)
Transfer rate:          5.26 [Kbytes/sec] received

Connection Times (ms)
              min  mean[+/-sd] median   max
Connect:        4    9   8.6      7      33
Processing:    39  425 305.7    376    1074
Waiting:       38  424 305.8    376    1074
Total:         45  434 305.1    381    1083

Percentage of the requests served within a certain time (ms)
  50%    381
  66%    411
  75%    587
  80%    704
  90%   1083
  95%   1083
  98%   1083
  99%   1083
 100%   1083 (longest request)
