This is ApacheBench, Version 2.3 <$Revision: 1903618 $>
Copyright 1996 Adam Twiss, Zeus Technology Ltd, http://www.zeustech.net/
Licensed to The Apache Software Foundation, http://www.apache.org/

Benchmarking projectcloud-479410.ew.r.appspot.com (be patient)...SSL read failed (1) - closing connection
0056A196617E0000:error:0A000126:SSL routines:ssl3_read_n:unexpected eof while reading:../ssl/record/rec_layer_s3.c:316:
SSL read failed (1) - closing connection
0056A196617E0000:error:0A000126:SSL routines:ssl3_read_n:unexpected eof while reading:../ssl/record/rec_layer_s3.c:316:
SSL read failed (1) - closing connection
0056A196617E0000:error:0A000126:SSL routines:ssl3_read_n:unexpected eof while reading:../ssl/record/rec_layer_s3.c:316:
..done


Server Software:        Google
Server Hostname:        projectcloud-479410.ew.r.appspot.com
Server Port:            443
SSL/TLS Protocol:       TLSv1.3,TLS_AES_256_GCM_SHA384,256,256
Server Temp Key:        X25519 253 bits
TLS Server Name:        projectcloud-479410.ew.r.appspot.com

Document Path:          /api/timeline?user=user621
Document Length:        0 bytes

Concurrency Level:      1
Time taken for tests:   0.498 seconds
Complete requests:      3
Failed requests:        3
   (Connect: 0, Receive: 0, Length: 3, Exceptions: 0)
Total transferred:      6996 bytes
HTML transferred:       6351 bytes
Requests per second:    6.03 [#/sec] (mean)
Time per request:       165.883 [ms] (mean)
Time per request:       165.883 [ms] (mean, across all concurrent requests)
Transfer rate:          13.73 [Kbytes/sec] received

Connection Times (ms)
              min  mean[+/-sd] median   max
Connect:        3    5   1.8      6       7
Processing:    86  161  66.9    198     215
Waiting:       86  161  66.8    198     215
Total:         91  166  66.5    203     218

Percentage of the requests served within a certain time (ms)
  50%    188
  66%    188
  75%    218
  80%    218
  90%    218
  95%    218
  98%    218
  99%    218
 100%    218 (longest request)
