This is ApacheBench, Version 2.3 <$Revision: 1903618 $>
Copyright 1996 Adam Twiss, Zeus Technology Ltd, http://www.zeustech.net/
Licensed to The Apache Software Foundation, http://www.apache.org/

Benchmarking projectcloud-479410.ew.r.appspot.com (be patient)...SSL read failed (1) - closing connection
0096926BC47D0000:error:0A000126:SSL routines:ssl3_read_n:unexpected eof while reading:../ssl/record/rec_layer_s3.c:316:
SSL read failed (1) - closing connection
0096926BC47D0000:error:0A000126:SSL routines:ssl3_read_n:unexpected eof while reading:../ssl/record/rec_layer_s3.c:316:
SSL read failed (1) - closing connection
0096926BC47D0000:error:0A000126:SSL routines:ssl3_read_n:unexpected eof while reading:../ssl/record/rec_layer_s3.c:316:
..done


Server Software:        Google
Server Hostname:        projectcloud-479410.ew.r.appspot.com
Server Port:            443
SSL/TLS Protocol:       TLSv1.3,TLS_AES_256_GCM_SHA384,256,256
Server Temp Key:        X25519 253 bits
TLS Server Name:        projectcloud-479410.ew.r.appspot.com

Document Path:          /api/timeline?user=user26
Document Length:        0 bytes

Concurrency Level:      1
Time taken for tests:   0.649 seconds
Complete requests:      3
Failed requests:        3
   (Connect: 0, Receive: 0, Length: 3, Exceptions: 0)
Total transferred:      6966 bytes
HTML transferred:       6321 bytes
Requests per second:    4.62 [#/sec] (mean)
Time per request:       216.277 [ms] (mean)
Time per request:       216.277 [ms] (mean, across all concurrent requests)
Transfer rate:          10.48 [Kbytes/sec] received

Connection Times (ms)
              min  mean[+/-sd] median   max
Connect:        5    5   0.7      6       6
Processing:    70  211 125.1    281     310
Waiting:       70  211 125.1    281     310
Total:         75  216 125.6    287     316
WARNING: The median and mean for the initial connection time are not within a normal deviation
        These results are probably not that reliable.

Percentage of the requests served within a certain time (ms)
  50%    258
  66%    258
  75%    316
  80%    316
  90%    316
  95%    316
  98%    316
  99%    316
 100%    316 (longest request)
