This is ApacheBench, Version 2.3 <$Revision: 1903618 $>
Copyright 1996 Adam Twiss, Zeus Technology Ltd, http://www.zeustech.net/
Licensed to The Apache Software Foundation, http://www.apache.org/

Benchmarking projectcloud-479410.ew.r.appspot.com (be patient)...SSL read failed (1) - closing connection
00167FC60E7B0000:error:0A000126:SSL routines:ssl3_read_n:unexpected eof while reading:../ssl/record/rec_layer_s3.c:316:
..done


Server Software:        Google
Server Hostname:        projectcloud-479410.ew.r.appspot.com
Server Port:            443
SSL/TLS Protocol:       TLSv1.3,TLS_AES_256_GCM_SHA384,256,256
Server Temp Key:        X25519 253 bits
TLS Server Name:        projectcloud-479410.ew.r.appspot.com

Document Path:          /api/timeline?user=user964
Document Length:        0 bytes

Concurrency Level:      1
Time taken for tests:   0.100 seconds
Complete requests:      1
Failed requests:        1
   (Connect: 0, Receive: 0, Length: 1, Exceptions: 0)
Total transferred:      2343 bytes
HTML transferred:       2128 bytes
Requests per second:    10.03 [#/sec] (mean)
Time per request:       99.734 [ms] (mean)
Time per request:       99.734 [ms] (mean, across all concurrent requests)
Transfer rate:          22.94 [Kbytes/sec] received

Connection Times (ms)
              min  mean[+/-sd] median   max
Connect:        6    6   0.0      6       6
Processing:    94   94   0.0     94      94
Waiting:       93   93   0.0     93      93
Total:        100  100   0.0    100     100
