This is ApacheBench, Version 2.3 <$Revision: 1903618 $>
Copyright 1996 Adam Twiss, Zeus Technology Ltd, http://www.zeustech.net/
Licensed to The Apache Software Foundation, http://www.apache.org/

Benchmarking projectcloud-479410.ew.r.appspot.com (be patient)...SSL read failed (1) - closing connection
00D66D515E780000:error:0A000126:SSL routines:ssl3_read_n:unexpected eof while reading:../ssl/record/rec_layer_s3.c:316:
SSL read failed (1) - closing connection
00D66D515E780000:error:0A000126:SSL routines:ssl3_read_n:unexpected eof while reading:../ssl/record/rec_layer_s3.c:316:
SSL read failed (1) - closing connection
00D66D515E780000:error:0A000126:SSL routines:ssl3_read_n:unexpected eof while reading:../ssl/record/rec_layer_s3.c:316:
..done


Server Software:        Google
Server Hostname:        projectcloud-479410.ew.r.appspot.com
Server Port:            443
SSL/TLS Protocol:       TLSv1.3,TLS_AES_256_GCM_SHA384,256,256
Server Temp Key:        X25519 253 bits
TLS Server Name:        projectcloud-479410.ew.r.appspot.com

Document Path:          /api/timeline?user=user435
Document Length:        0 bytes

Concurrency Level:      1
Time taken for tests:   0.961 seconds
Complete requests:      3
Failed requests:        3
   (Connect: 0, Receive: 0, Length: 3, Exceptions: 0)
Total transferred:      6999 bytes
HTML transferred:       6354 bytes
Requests per second:    3.12 [#/sec] (mean)
Time per request:       320.367 [ms] (mean)
Time per request:       320.367 [ms] (mean, across all concurrent requests)
Transfer rate:          7.11 [Kbytes/sec] received

Connection Times (ms)
              min  mean[+/-sd] median   max
Connect:        3    5   1.1      5       5
Processing:    84  316 200.8    432     439
Waiting:       84  316 200.8    431     438
Total:         89  320 200.3    436     444

Percentage of the requests served within a certain time (ms)
  50%    428
  66%    428
  75%    444
  80%    444
  90%    444
  95%    444
  98%    444
  99%    444
 100%    444 (longest request)
