This is ApacheBench, Version 2.3 <$Revision: 1903618 $>
Copyright 1996 Adam Twiss, Zeus Technology Ltd, http://www.zeustech.net/
Licensed to The Apache Software Foundation, http://www.apache.org/

Benchmarking projectcloud-479410.ew.r.appspot.com (be patient)...SSL read failed (1) - closing connection
00D67BA20A7D0000:error:0A000126:SSL routines:ssl3_read_n:unexpected eof while reading:../ssl/record/rec_layer_s3.c:316:
SSL read failed (1) - closing connection
00D67BA20A7D0000:error:0A000126:SSL routines:ssl3_read_n:unexpected eof while reading:../ssl/record/rec_layer_s3.c:316:
..done


Server Software:        Google
Server Hostname:        projectcloud-479410.ew.r.appspot.com
Server Port:            443
SSL/TLS Protocol:       TLSv1.3,TLS_AES_256_GCM_SHA384,256,256
Server Temp Key:        X25519 253 bits
TLS Server Name:        projectcloud-479410.ew.r.appspot.com

Document Path:          /api/timeline?user=user523
Document Length:        0 bytes

Concurrency Level:      1
Time taken for tests:   0.483 seconds
Complete requests:      2
Failed requests:        2
   (Connect: 0, Receive: 0, Length: 2, Exceptions: 0)
Total transferred:      4628 bytes
HTML transferred:       4198 bytes
Requests per second:    4.14 [#/sec] (mean)
Time per request:       241.469 [ms] (mean)
Time per request:       241.469 [ms] (mean, across all concurrent requests)
Transfer rate:          9.36 [Kbytes/sec] received

Connection Times (ms)
              min  mean[+/-sd] median   max
Connect:        8    9   1.5     10      10
Processing:   126  232 150.9    339     339
Waiting:      126  232 150.9    339     339
Total:        136  241 149.4    347     347

Percentage of the requests served within a certain time (ms)
  50%    347
  66%    347
  75%    347
  80%    347
  90%    347
  95%    347
  98%    347
  99%    347
 100%    347 (longest request)
