This is ApacheBench, Version 2.3 <$Revision: 1913912 $>
Copyright 1996 Adam Twiss, Zeus Technology Ltd, http://www.zeustech.net/
Licensed to The Apache Software Foundation, http://www.apache.org/

Benchmarking maximal-beach-473712-d1.ew.r.appspot.com (be patient)
Completed 100 requests
Completed 200 requests
Completed 300 requests
Completed 400 requests
Completed 500 requests
Finished 500 requests


Server Software:        Google
Server Hostname:        maximal-beach-473712-d1.ew.r.appspot.com
Server Port:            443
SSL/TLS Protocol:       TLSv1.2,ECDHE-ECDSA-CHACHA20-POLY1305,256,256
Server Temp Key:        ECDH X25519 253 bits
TLS Server Name:        maximal-beach-473712-d1.ew.r.appspot.com

Document Path:          /timeline?user=user1
Document Length:        207 bytes

Concurrency Level:      100
Time taken for tests:   1.200 seconds
Complete requests:      500
Failed requests:        0
Non-2xx responses:      500
Total transferred:      246500 bytes
HTML transferred:       103500 bytes
Requests per second:    416.77 [#/sec] (mean)
Time per request:       239.938 [ms] (mean)
Time per request:       2.399 [ms] (mean, across all concurrent requests)
Transfer rate:          200.65 [Kbytes/sec] received

Connection Times (ms)
              min  mean[+/-sd] median   max
Connect:       40  118  63.8     96     433
Processing:    23   48  25.4     44     356
Waiting:       22   46  24.8     42     356
Total:         67  165  68.5    140     486

Percentage of the requests served within a certain time (ms)
  50%    140
  66%    154
  75%    169
  80%    178
  90%    208
  95%    383
  98%    427
  99%    442
 100%    486 (longest request)
