This is ApacheBench, Version 2.3 <$Revision: 1903618 $>
Copyright 1996 Adam Twiss, Zeus Technology Ltd, http://www.zeustech.net/
Licensed to The Apache Software Foundation, http://www.apache.org/

Benchmarking projectcloud-479410.ew.r.appspot.com (be patient)...SSL read failed (1) - closing connection
0046539973780000:error:0A000126:SSL routines:ssl3_read_n:unexpected eof while reading:../ssl/record/rec_layer_s3.c:316:
SSL read failed (1) - closing connection
0046539973780000:error:0A000126:SSL routines:ssl3_read_n:unexpected eof while reading:../ssl/record/rec_layer_s3.c:316:
..done


Server Software:        Google
Server Hostname:        projectcloud-479410.ew.r.appspot.com
Server Port:            443
SSL/TLS Protocol:       TLSv1.3,TLS_AES_256_GCM_SHA384,256,256
Server Temp Key:        X25519 253 bits
TLS Server Name:        projectcloud-479410.ew.r.appspot.com

Document Path:          /api/timeline?user=user925
Document Length:        0 bytes

Concurrency Level:      1
Time taken for tests:   0.464 seconds
Complete requests:      2
Failed requests:        2
   (Connect: 0, Receive: 0, Length: 2, Exceptions: 0)
Total transferred:      4676 bytes
HTML transferred:       4246 bytes
Requests per second:    4.31 [#/sec] (mean)
Time per request:       231.987 [ms] (mean)
Time per request:       231.987 [ms] (mean, across all concurrent requests)
Transfer rate:          9.84 [Kbytes/sec] received

Connection Times (ms)
              min  mean[+/-sd] median   max
Connect:        8   11   4.3     14      14
Processing:    95  221 179.0    348     348
Waiting:       94  221 179.1    348     348
Total:        108  232 174.7    355     355

Percentage of the requests served within a certain time (ms)
  50%    355
  66%    355
  75%    355
  80%    355
  90%    355
  95%    355
  98%    355
  99%    355
 100%    355 (longest request)
