This is ApacheBench, Version 2.3 <$Revision: 1903618 $>
Copyright 1996 Adam Twiss, Zeus Technology Ltd, http://www.zeustech.net/
Licensed to The Apache Software Foundation, http://www.apache.org/

Benchmarking projectcloud-479410.ew.r.appspot.com (be patient)...SSL read failed (1) - closing connection
0096DE5711780000:error:0A000126:SSL routines:ssl3_read_n:unexpected eof while reading:../ssl/record/rec_layer_s3.c:316:
SSL read failed (1) - closing connection
0096DE5711780000:error:0A000126:SSL routines:ssl3_read_n:unexpected eof while reading:../ssl/record/rec_layer_s3.c:316:
SSL read failed (1) - closing connection
0096DE5711780000:error:0A000126:SSL routines:ssl3_read_n:unexpected eof while reading:../ssl/record/rec_layer_s3.c:316:
..done


Server Software:        Google
Server Hostname:        projectcloud-479410.ew.r.appspot.com
Server Port:            443
SSL/TLS Protocol:       TLSv1.3,TLS_AES_256_GCM_SHA384,256,256
Server Temp Key:        X25519 253 bits
TLS Server Name:        projectcloud-479410.ew.r.appspot.com

Document Path:          /api/timeline?user=user461
Document Length:        0 bytes

Concurrency Level:      1
Time taken for tests:   0.735 seconds
Complete requests:      3
Failed requests:        3
   (Connect: 0, Receive: 0, Length: 3, Exceptions: 0)
Total transferred:      7020 bytes
HTML transferred:       6375 bytes
Requests per second:    4.08 [#/sec] (mean)
Time per request:       245.142 [ms] (mean)
Time per request:       245.142 [ms] (mean, across all concurrent requests)
Transfer rate:          9.32 [Kbytes/sec] received

Connection Times (ms)
              min  mean[+/-sd] median   max
Connect:        4    5   1.4      6       6
Processing:    39  240 225.9    341     484
Waiting:       39  240 225.9    341     484
Total:         45  245 224.6    345     488

Percentage of the requests served within a certain time (ms)
  50%    202
  66%    202
  75%    488
  80%    488
  90%    488
  95%    488
  98%    488
  99%    488
 100%    488 (longest request)
