This is ApacheBench, Version 2.3 <$Revision: 1903618 $>
Copyright 1996 Adam Twiss, Zeus Technology Ltd, http://www.zeustech.net/
Licensed to The Apache Software Foundation, http://www.apache.org/

Benchmarking maximal-beach-473712-d1.ew.r.appspot.com (be patient)...SSL read failed (1) - closing connection
0056309DAE7F0000:error:0A000126:SSL routines:ssl3_read_n:unexpected eof while reading:../ssl/record/rec_layer_s3.c:316:
SSL read failed (1) - closing connection
0056309DAE7F0000:error:0A000126:SSL routines:ssl3_read_n:unexpected eof while reading:../ssl/record/rec_layer_s3.c:316:
SSL read failed (1) - closing connection
0056309DAE7F0000:error:0A000126:SSL routines:ssl3_read_n:unexpected eof while reading:../ssl/record/rec_layer_s3.c:316:
SSL read failed (1) - closing connection
0056309DAE7F0000:error:0A000126:SSL routines:ssl3_read_n:unexpected eof while reading:../ssl/record/rec_layer_s3.c:316:
SSL read failed (1) - closing connection
0056309DAE7F0000:error:0A000126:SSL routines:ssl3_read_n:unexpected eof while reading:../ssl/record/rec_layer_s3.c:316:
SSL read failed (1) - closing connection
0056309DAE7F0000:error:0A000126:SSL routines:ssl3_read_n:unexpected eof while reading:../ssl/record/rec_layer_s3.c:316:
SSL read failed (1) - closing connection
0056309DAE7F0000:error:0A000126:SSL routines:ssl3_read_n:unexpected eof while reading:../ssl/record/rec_layer_s3.c:316:
SSL read failed (1) - closing connection
0056309DAE7F0000:error:0A000126:SSL routines:ssl3_read_n:unexpected eof while reading:../ssl/record/rec_layer_s3.c:316:
SSL read failed (1) - closing connection
0056309DAE7F0000:error:0A000126:SSL routines:ssl3_read_n:unexpected eof while reading:../ssl/record/rec_layer_s3.c:316:
SSL read failed (1) - closing connection
0056309DAE7F0000:error:0A000126:SSL routines:ssl3_read_n:unexpected eof while reading:../ssl/record/rec_layer_s3.c:316:
..done


Server Software:        Google
Server Hostname:        maximal-beach-473712-d1.ew.r.appspot.com
Server Port:            443
SSL/TLS Protocol:       TLSv1.3,TLS_AES_256_GCM_SHA384,256,256
Server Temp Key:        X25519 253 bits
TLS Server Name:        maximal-beach-473712-d1.ew.r.appspot.com

Document Path:          /timeline?user=user928
Document Length:        0 bytes

Concurrency Level:      1
Time taken for tests:   0.383 seconds
Complete requests:      10
Failed requests:        10
   (Connect: 0, Receive: 0, Length: 10, Exceptions: 0)
Non-2xx responses:      10
Total transferred:      4360 bytes
HTML transferred:       2070 bytes
Requests per second:    26.12 [#/sec] (mean)
Time per request:       38.287 [ms] (mean)
Time per request:       38.287 [ms] (mean, across all concurrent requests)
Transfer rate:          11.12 [Kbytes/sec] received

Connection Times (ms)
              min  mean[+/-sd] median   max
Connect:       11   19   6.1     19      30
Processing:    11   19   4.6     22      24
Waiting:       11   19   4.4     19      24
Total:         29   38   4.3     40      42

Percentage of the requests served within a certain time (ms)
  50%     40
  66%     41
  75%     42
  80%     42
  90%     42
  95%     42
  98%     42
  99%     42
 100%     42 (longest request)
