This is ApacheBench, Version 2.3 <$Revision: 1903618 $>
Copyright 1996 Adam Twiss, Zeus Technology Ltd, http://www.zeustech.net/
Licensed to The Apache Software Foundation, http://www.apache.org/

Benchmarking projectcloud-479410.ew.r.appspot.com (be patient)...SSL read failed (1) - closing connection
0096A730387B0000:error:0A000126:SSL routines:ssl3_read_n:unexpected eof while reading:../ssl/record/rec_layer_s3.c:316:
SSL read failed (1) - closing connection
0096A730387B0000:error:0A000126:SSL routines:ssl3_read_n:unexpected eof while reading:../ssl/record/rec_layer_s3.c:316:
SSL read failed (1) - closing connection
0096A730387B0000:error:0A000126:SSL routines:ssl3_read_n:unexpected eof while reading:../ssl/record/rec_layer_s3.c:316:
..done


Server Software:        Google
Server Hostname:        projectcloud-479410.ew.r.appspot.com
Server Port:            443
SSL/TLS Protocol:       TLSv1.3,TLS_AES_256_GCM_SHA384,256,256
Server Temp Key:        X25519 253 bits
TLS Server Name:        projectcloud-479410.ew.r.appspot.com

Document Path:          /api/timeline?user=user872
Document Length:        0 bytes

Concurrency Level:      1
Time taken for tests:   0.644 seconds
Complete requests:      3
Failed requests:        3
   (Connect: 0, Receive: 0, Length: 3, Exceptions: 0)
Total transferred:      6990 bytes
HTML transferred:       6345 bytes
Requests per second:    4.66 [#/sec] (mean)
Time per request:       214.712 [ms] (mean)
Time per request:       214.712 [ms] (mean, across all concurrent requests)
Transfer rate:          10.60 [Kbytes/sec] received

Connection Times (ms)
              min  mean[+/-sd] median   max
Connect:        3    4   0.7      4       4
Processing:   201  211  14.4    216     228
Waiting:      201  211  14.4    216     227
Total:        204  215  14.0    220     231

Percentage of the requests served within a certain time (ms)
  50%    209
  66%    209
  75%    231
  80%    231
  90%    231
  95%    231
  98%    231
  99%    231
 100%    231 (longest request)
