This is ApacheBench, Version 2.3 <$Revision: 1903618 $>
Copyright 1996 Adam Twiss, Zeus Technology Ltd, http://www.zeustech.net/
Licensed to The Apache Software Foundation, http://www.apache.org/

Benchmarking maximal-beach-473712-d1.ew.r.appspot.com (be patient)...SSL read failed (1) - closing connection
00A6D2E7287A0000:error:0A000126:SSL routines:ssl3_read_n:unexpected eof while reading:../ssl/record/rec_layer_s3.c:316:
SSL read failed (1) - closing connection
00A6D2E7287A0000:error:0A000126:SSL routines:ssl3_read_n:unexpected eof while reading:../ssl/record/rec_layer_s3.c:316:
SSL read failed (1) - closing connection
00A6D2E7287A0000:error:0A000126:SSL routines:ssl3_read_n:unexpected eof while reading:../ssl/record/rec_layer_s3.c:316:
SSL read failed (1) - closing connection
00A6D2E7287A0000:error:0A000126:SSL routines:ssl3_read_n:unexpected eof while reading:../ssl/record/rec_layer_s3.c:316:
SSL read failed (1) - closing connection
00A6D2E7287A0000:error:0A000126:SSL routines:ssl3_read_n:unexpected eof while reading:../ssl/record/rec_layer_s3.c:316:
..done


Server Software:        Google
Server Hostname:        maximal-beach-473712-d1.ew.r.appspot.com
Server Port:            443
SSL/TLS Protocol:       TLSv1.3,TLS_AES_256_GCM_SHA384,256,256
Server Temp Key:        X25519 253 bits
TLS Server Name:        maximal-beach-473712-d1.ew.r.appspot.com

Document Path:          /timeline?user=user409
Document Length:        0 bytes

Concurrency Level:      1
Time taken for tests:   0.214 seconds
Complete requests:      5
Failed requests:        5
   (Connect: 0, Receive: 0, Length: 5, Exceptions: 0)
Non-2xx responses:      5
Total transferred:      2180 bytes
HTML transferred:       1035 bytes
Requests per second:    23.40 [#/sec] (mean)
Time per request:       42.735 [ms] (mean)
Time per request:       42.735 [ms] (mean, across all concurrent requests)
Transfer rate:          9.96 [Kbytes/sec] received

Connection Times (ms)
              min  mean[+/-sd] median   max
Connect:        8   14   4.8     15      21
Processing:    12   28  25.9     20      74
Waiting:        9   27  26.4     20      74
Total:         23   43  27.9     37      90

Percentage of the requests served within a certain time (ms)
  50%     30
  66%     44
  75%     44
  80%     90
  90%     90
  95%     90
  98%     90
  99%     90
 100%     90 (longest request)
