This is ApacheBench, Version 2.3 <$Revision: 1913912 $>
Copyright 1996 Adam Twiss, Zeus Technology Ltd, http://www.zeustech.net/
Licensed to The Apache Software Foundation, http://www.apache.org/

Benchmarking maximal-beach-473712-d1.ew.r.appspot.com (be patient)
Completed 100 requests
Completed 200 requests
Completed 300 requests
Completed 400 requests
Completed 500 requests
Finished 500 requests


Server Software:        Google
Server Hostname:        maximal-beach-473712-d1.ew.r.appspot.com
Server Port:            443
SSL/TLS Protocol:       TLSv1.2,ECDHE-ECDSA-CHACHA20-POLY1305,256,256
Server Temp Key:        ECDH X25519 253 bits
TLS Server Name:        maximal-beach-473712-d1.ew.r.appspot.com

Document Path:          /timeline?user=user1
Document Length:        207 bytes

Concurrency Level:      20
Time taken for tests:   2.175 seconds
Complete requests:      500
Failed requests:        0
Non-2xx responses:      500
Total transferred:      246500 bytes
HTML transferred:       103500 bytes
Requests per second:    229.93 [#/sec] (mean)
Time per request:       86.985 [ms] (mean)
Time per request:       4.349 [ms] (mean, across all concurrent requests)
Transfer rate:          110.70 [Kbytes/sec] received

Connection Times (ms)
              min  mean[+/-sd] median   max
Connect:       41   52   8.6     50     165
Processing:    21   31   8.3     28      91
Waiting:       21   30   8.2     28      88
Total:         67   83  13.0     79     204

Percentage of the requests served within a certain time (ms)
  50%     79
  66%     83
  75%     86
  80%     87
  90%     94
  95%    106
  98%    121
  99%    133
 100%    204 (longest request)
