This is ApacheBench, Version 2.3 <$Revision: 1903618 $>
Copyright 1996 Adam Twiss, Zeus Technology Ltd, http://www.zeustech.net/
Licensed to The Apache Software Foundation, http://www.apache.org/

Benchmarking projectcloud-479410.ew.r.appspot.com (be patient)...SSL read failed (1) - closing connection
00D6FFB4127B0000:error:0A000126:SSL routines:ssl3_read_n:unexpected eof while reading:../ssl/record/rec_layer_s3.c:316:
SSL read failed (1) - closing connection
00D6FFB4127B0000:error:0A000126:SSL routines:ssl3_read_n:unexpected eof while reading:../ssl/record/rec_layer_s3.c:316:
SSL read failed (1) - closing connection
00D6FFB4127B0000:error:0A000126:SSL routines:ssl3_read_n:unexpected eof while reading:../ssl/record/rec_layer_s3.c:316:
SSL read failed (1) - closing connection
00D6FFB4127B0000:error:0A000126:SSL routines:ssl3_read_n:unexpected eof while reading:../ssl/record/rec_layer_s3.c:316:
SSL read failed (1) - closing connection
00D6FFB4127B0000:error:0A000126:SSL routines:ssl3_read_n:unexpected eof while reading:../ssl/record/rec_layer_s3.c:316:
..done


Server Software:        Google
Server Hostname:        projectcloud-479410.ew.r.appspot.com
Server Port:            443
SSL/TLS Protocol:       TLSv1.3,TLS_AES_256_GCM_SHA384,256,256
Server Temp Key:        X25519 253 bits
TLS Server Name:        projectcloud-479410.ew.r.appspot.com

Document Path:          //api/timeline?user=user657
Document Length:        0 bytes

Concurrency Level:      1
Time taken for tests:   3.010 seconds
Complete requests:      5
Failed requests:        5
   (Connect: 0, Receive: 0, Length: 5, Exceptions: 0)
Total transferred:      11675 bytes
HTML transferred:       10600 bytes
Requests per second:    1.66 [#/sec] (mean)
Time per request:       602.082 [ms] (mean)
Time per request:       602.082 [ms] (mean, across all concurrent requests)
Transfer rate:          3.79 [Kbytes/sec] received

Connection Times (ms)
              min  mean[+/-sd] median   max
Connect:        4    8   5.7      6      17
Processing:   319  594 176.5    640     795
Waiting:      319  594 176.5    640     795
Total:        327  602 175.0    645     799

Percentage of the requests served within a certain time (ms)
  50%    600
  66%    690
  75%    690
  80%    799
  90%    799
  95%    799
  98%    799
  99%    799
 100%    799 (longest request)
