This is ApacheBench, Version 2.3 <$Revision: 1903618 $>
Copyright 1996 Adam Twiss, Zeus Technology Ltd, http://www.zeustech.net/
Licensed to The Apache Software Foundation, http://www.apache.org/

Benchmarking maximal-beach-473712-d1.ew.r.appspot.com (be patient)...SSL read failed (1) - closing connection
0066E98EE27A0000:error:0A000126:SSL routines:ssl3_read_n:unexpected eof while reading:../ssl/record/rec_layer_s3.c:316:
SSL read failed (1) - closing connection
0066E98EE27A0000:error:0A000126:SSL routines:ssl3_read_n:unexpected eof while reading:../ssl/record/rec_layer_s3.c:316:
SSL read failed (1) - closing connection
0066E98EE27A0000:error:0A000126:SSL routines:ssl3_read_n:unexpected eof while reading:../ssl/record/rec_layer_s3.c:316:
SSL read failed (1) - closing connection
0066E98EE27A0000:error:0A000126:SSL routines:ssl3_read_n:unexpected eof while reading:../ssl/record/rec_layer_s3.c:316:
SSL read failed (1) - closing connection
0066E98EE27A0000:error:0A000126:SSL routines:ssl3_read_n:unexpected eof while reading:../ssl/record/rec_layer_s3.c:316:
SSL read failed (1) - closing connection
0066E98EE27A0000:error:0A000126:SSL routines:ssl3_read_n:unexpected eof while reading:../ssl/record/rec_layer_s3.c:316:
SSL read failed (1) - closing connection
0066E98EE27A0000:error:0A000126:SSL routines:ssl3_read_n:unexpected eof while reading:../ssl/record/rec_layer_s3.c:316:
SSL read failed (1) - closing connection
0066E98EE27A0000:error:0A000126:SSL routines:ssl3_read_n:unexpected eof while reading:../ssl/record/rec_layer_s3.c:316:
SSL read failed (1) - closing connection
0066E98EE27A0000:error:0A000126:SSL routines:ssl3_read_n:unexpected eof while reading:../ssl/record/rec_layer_s3.c:316:
SSL read failed (1) - closing connection
0066E98EE27A0000:error:0A000126:SSL routines:ssl3_read_n:unexpected eof while reading:../ssl/record/rec_layer_s3.c:316:
..done


Server Software:        Google
Server Hostname:        maximal-beach-473712-d1.ew.r.appspot.com
Server Port:            443
SSL/TLS Protocol:       TLSv1.3,TLS_AES_256_GCM_SHA384,256,256
Server Temp Key:        X25519 253 bits
TLS Server Name:        maximal-beach-473712-d1.ew.r.appspot.com

Document Path:          /timeline?user=user959
Document Length:        0 bytes

Concurrency Level:      1
Time taken for tests:   1.617 seconds
Complete requests:      10
Failed requests:        10
   (Connect: 0, Receive: 0, Length: 10, Exceptions: 0)
Non-2xx responses:      10
Total transferred:      4360 bytes
HTML transferred:       2070 bytes
Requests per second:    6.19 [#/sec] (mean)
Time per request:       161.679 [ms] (mean)
Time per request:       161.679 [ms] (mean, across all concurrent requests)
Transfer rate:          2.63 [Kbytes/sec] received

Connection Times (ms)
              min  mean[+/-sd] median   max
Connect:        3    6   3.3      5      14
Processing:    48  155  65.3    174     236
Waiting:       47  155  65.3    174     236
Total:         52  162  66.5    179     241

Percentage of the requests served within a certain time (ms)
  50%    179
  66%    200
  75%    223
  80%    224
  90%    241
  95%    241
  98%    241
  99%    241
 100%    241 (longest request)
