This is ApacheBench, Version 2.3 <$Revision: 1913912 $>
Copyright 1996 Adam Twiss, Zeus Technology Ltd, http://www.zeustech.net/
Licensed to The Apache Software Foundation, http://www.apache.org/

Benchmarking maximal-beach-473712-d1.ew.r.appspot.com (be patient)
Completed 100 requests
Completed 200 requests
Completed 300 requests
Completed 400 requests
Completed 500 requests
Finished 500 requests


Server Software:        Google
Server Hostname:        maximal-beach-473712-d1.ew.r.appspot.com
Server Port:            443
SSL/TLS Protocol:       TLSv1.2,ECDHE-ECDSA-CHACHA20-POLY1305,256,256
Server Temp Key:        ECDH X25519 253 bits
TLS Server Name:        maximal-beach-473712-d1.ew.r.appspot.com

Document Path:          /api/timeline?user=benchA1&limit=20
Document Length:        566 bytes

Concurrency Level:      1
Time taken for tests:   54.311 seconds
Complete requests:      500
Failed requests:        0
Total transferred:      418520 bytes
HTML transferred:       283000 bytes
Requests per second:    9.21 [#/sec] (mean)
Time per request:       108.622 [ms] (mean)
Time per request:       108.622 [ms] (mean, across all concurrent requests)
Transfer rate:          7.53 [Kbytes/sec] received

Connection Times (ms)
              min  mean[+/-sd] median   max
Connect:       40   51  17.4     48     389
Processing:    43   57  15.2     54     249
Waiting:       43   57  14.8     54     248
Total:         88  108  23.5    103     439

Percentage of the requests served within a certain time (ms)
  50%    103
  66%    108
  75%    110
  80%    113
  90%    122
  95%    138
  98%    169
  99%    189
 100%    439 (longest request)
