This is ApacheBench, Version 2.3 <$Revision: 1903618 $>
Copyright 1996 Adam Twiss, Zeus Technology Ltd, http://www.zeustech.net/
Licensed to The Apache Software Foundation, http://www.apache.org/

Benchmarking projectcloud-479410.ew.r.appspot.com (be patient)...SSL read failed (1) - closing connection
00C608FC717E0000:error:0A000126:SSL routines:ssl3_read_n:unexpected eof while reading:../ssl/record/rec_layer_s3.c:316:
SSL read failed (1) - closing connection
00C608FC717E0000:error:0A000126:SSL routines:ssl3_read_n:unexpected eof while reading:../ssl/record/rec_layer_s3.c:316:
..done


Server Software:        Google
Server Hostname:        projectcloud-479410.ew.r.appspot.com
Server Port:            443
SSL/TLS Protocol:       TLSv1.3,TLS_AES_256_GCM_SHA384,256,256
Server Temp Key:        X25519 253 bits
TLS Server Name:        projectcloud-479410.ew.r.appspot.com

Document Path:          /api/timeline?user=user414
Document Length:        0 bytes

Concurrency Level:      1
Time taken for tests:   0.441 seconds
Complete requests:      2
Failed requests:        2
   (Connect: 0, Receive: 0, Length: 2, Exceptions: 0)
Total transferred:      4662 bytes
HTML transferred:       4232 bytes
Requests per second:    4.54 [#/sec] (mean)
Time per request:       220.290 [ms] (mean)
Time per request:       220.290 [ms] (mean, across all concurrent requests)
Transfer rate:          10.33 [Kbytes/sec] received

Connection Times (ms)
              min  mean[+/-sd] median   max
Connect:        8   10   3.3     12      12
Processing:    59  210 214.3    362     362
Waiting:       59  210 214.3    362     362
Total:         71  220 210.9    369     369

Percentage of the requests served within a certain time (ms)
  50%    369
  66%    369
  75%    369
  80%    369
  90%    369
  95%    369
  98%    369
  99%    369
 100%    369 (longest request)
