This is ApacheBench, Version 2.3 <$Revision: 1903618 $>
Copyright 1996 Adam Twiss, Zeus Technology Ltd, http://www.zeustech.net/
Licensed to The Apache Software Foundation, http://www.apache.org/

Benchmarking projectcloud-479410.ew.r.appspot.com (be patient)...SSL read failed (1) - closing connection
00568EA38F7D0000:error:0A000126:SSL routines:ssl3_read_n:unexpected eof while reading:../ssl/record/rec_layer_s3.c:316:
SSL read failed (1) - closing connection
00568EA38F7D0000:error:0A000126:SSL routines:ssl3_read_n:unexpected eof while reading:../ssl/record/rec_layer_s3.c:316:
..done


Server Software:        Google
Server Hostname:        projectcloud-479410.ew.r.appspot.com
Server Port:            443
SSL/TLS Protocol:       TLSv1.3,TLS_AES_256_GCM_SHA384,256,256
Server Temp Key:        X25519 253 bits
TLS Server Name:        projectcloud-479410.ew.r.appspot.com

Document Path:          /api/timeline?user=user331
Document Length:        0 bytes

Concurrency Level:      1
Time taken for tests:   0.455 seconds
Complete requests:      2
Failed requests:        2
   (Connect: 0, Receive: 0, Length: 2, Exceptions: 0)
Total transferred:      4644 bytes
HTML transferred:       4214 bytes
Requests per second:    4.39 [#/sec] (mean)
Time per request:       227.632 [ms] (mean)
Time per request:       227.632 [ms] (mean, across all concurrent requests)
Transfer rate:          9.96 [Kbytes/sec] received

Connection Times (ms)
              min  mean[+/-sd] median   max
Connect:        4   11   9.7     18      18
Processing:    93  216 174.2    340     340
Waiting:       93  216 174.2    339     339
Total:        111  228 164.5    344     344

Percentage of the requests served within a certain time (ms)
  50%    344
  66%    344
  75%    344
  80%    344
  90%    344
  95%    344
  98%    344
  99%    344
 100%    344 (longest request)
