This is ApacheBench, Version 2.3 <$Revision: 1913912 $>
Copyright 1996 Adam Twiss, Zeus Technology Ltd, http://www.zeustech.net/
Licensed to The Apache Software Foundation, http://www.apache.org/

Benchmarking maximal-beach-473712-d1.ew.r.appspot.com (be patient)
Completed 100 requests
Completed 200 requests
Completed 300 requests
Completed 400 requests
Completed 500 requests
Finished 500 requests


Server Software:        Google
Server Hostname:        maximal-beach-473712-d1.ew.r.appspot.com
Server Port:            443
SSL/TLS Protocol:       TLSv1.2,ECDHE-ECDSA-CHACHA20-POLY1305,256,256
Server Temp Key:        ECDH X25519 253 bits
TLS Server Name:        maximal-beach-473712-d1.ew.r.appspot.com

Document Path:          /api/timeline?user=benchA1&limit=20
Document Length:        566 bytes

Concurrency Level:      50
Time taken for tests:   3.826 seconds
Complete requests:      500
Failed requests:        0
Total transferred:      418504 bytes
HTML transferred:       283000 bytes
Requests per second:    130.70 [#/sec] (mean)
Time per request:       382.563 [ms] (mean)
Time per request:       7.651 [ms] (mean, across all concurrent requests)
Transfer rate:          106.83 [Kbytes/sec] received

Connection Times (ms)
              min  mean[+/-sd] median   max
Connect:       42   60  27.5     53     360
Processing:    45  294  65.8    310     568
Waiting:       45  293  64.8    310     568
Total:         97  354  65.0    364     668

Percentage of the requests served within a certain time (ms)
  50%    364
  66%    372
  75%    376
  80%    378
  90%    387
  95%    402
  98%    440
  99%    603
 100%    668 (longest request)
