This is ApacheBench, Version 2.3 <$Revision: 1903618 $>
Copyright 1996 Adam Twiss, Zeus Technology Ltd, http://www.zeustech.net/
Licensed to The Apache Software Foundation, http://www.apache.org/

Benchmarking projectcloud-479410.ew.r.appspot.com (be patient)...SSL read failed (1) - closing connection
0006AB3DE07A0000:error:0A000126:SSL routines:ssl3_read_n:unexpected eof while reading:../ssl/record/rec_layer_s3.c:316:
SSL read failed (1) - closing connection
0006AB3DE07A0000:error:0A000126:SSL routines:ssl3_read_n:unexpected eof while reading:../ssl/record/rec_layer_s3.c:316:
SSL read failed (1) - closing connection
0006AB3DE07A0000:error:0A000126:SSL routines:ssl3_read_n:unexpected eof while reading:../ssl/record/rec_layer_s3.c:316:
..done


Server Software:        Google
Server Hostname:        projectcloud-479410.ew.r.appspot.com
Server Port:            443
SSL/TLS Protocol:       TLSv1.3,TLS_AES_256_GCM_SHA384,256,256
Server Temp Key:        X25519 253 bits
TLS Server Name:        projectcloud-479410.ew.r.appspot.com

Document Path:          /api/timeline?user=user910
Document Length:        0 bytes

Concurrency Level:      1
Time taken for tests:   1.795 seconds
Complete requests:      3
Failed requests:        3
   (Connect: 0, Receive: 0, Length: 3, Exceptions: 0)
Total transferred:      6993 bytes
HTML transferred:       6348 bytes
Requests per second:    1.67 [#/sec] (mean)
Time per request:       598.434 [ms] (mean)
Time per request:       598.434 [ms] (mean, across all concurrent requests)
Transfer rate:          3.80 [Kbytes/sec] received

Connection Times (ms)
              min  mean[+/-sd] median   max
Connect:        3    5   2.8      6       8
Processing:    41  593 950.5    869    1691
Waiting:       41  592 951.2    868    1690
Total:         45  598 953.3    875    1699

Percentage of the requests served within a certain time (ms)
  50%     51
  66%     51
  75%   1699
  80%   1699
  90%   1699
  95%   1699
  98%   1699
  99%   1699
 100%   1699 (longest request)
