This is ApacheBench, Version 2.3 <$Revision: 1903618 $>
Copyright 1996 Adam Twiss, Zeus Technology Ltd, http://www.zeustech.net/
Licensed to The Apache Software Foundation, http://www.apache.org/

Benchmarking projectcloud-479410.ew.r.appspot.com (be patient)...SSL read failed (1) - closing connection
00262D8CBF7D0000:error:0A000126:SSL routines:ssl3_read_n:unexpected eof while reading:../ssl/record/rec_layer_s3.c:316:
..done


Server Software:        Google
Server Hostname:        projectcloud-479410.ew.r.appspot.com
Server Port:            443
SSL/TLS Protocol:       TLSv1.3,TLS_AES_256_GCM_SHA384,256,256
Server Temp Key:        X25519 253 bits
TLS Server Name:        projectcloud-479410.ew.r.appspot.com

Document Path:          /api/timeline?user=user743
Document Length:        0 bytes

Concurrency Level:      1
Time taken for tests:   0.104 seconds
Complete requests:      1
Failed requests:        1
   (Connect: 0, Receive: 0, Length: 1, Exceptions: 0)
Total transferred:      2346 bytes
HTML transferred:       2131 bytes
Requests per second:    9.61 [#/sec] (mean)
Time per request:       104.035 [ms] (mean)
Time per request:       104.035 [ms] (mean, across all concurrent requests)
Transfer rate:          22.02 [Kbytes/sec] received

Connection Times (ms)
              min  mean[+/-sd] median   max
Connect:       14   14   0.0     14      14
Processing:    90   90   0.0     90      90
Waiting:       90   90   0.0     90      90
Total:        104  104   0.0    104     104
